2020-06-27 10:19:18 Error: [Error] Class 'App\Controller\TableRegistry' not found (C:\xampp\htdocs\cartrader\src\Controller\UsersController.php:21)
#0 C:\xampp\htdocs\cartrader\vendor\cakephp\cakephp\src\Controller\Controller.php(609): App\Controller\UsersController->index()
#1 C:\xampp\htdocs\cartrader\vendor\cakephp\cakephp\src\Http\ActionDispatcher.php(120): Cake\Controller\Controller->invokeAction()
#2 C:\xampp\htdocs\cartrader\vendor\cakephp\cakephp\src\Http\ActionDispatcher.php(94): Cake\Http\ActionDispatcher->_invoke(Object(App\Controller\UsersController))
#3 C:\xampp\htdocs\cartrader\vendor\cakephp\cakephp\src\Http\BaseApplication.php(234): Cake\Http\ActionDispatcher->dispatch(Object(Cake\Http\ServerRequest), Object(Cake\Http\Response))
#4 C:\xampp\htdocs\cartrader\vendor\cakephp\cakephp\src\Http\Runner.php(65): Cake\Http\BaseApplication->__invoke(Object(Cake\Http\ServerRequest), Object(Cake\Http\Response), Object(Cake\Http\Runner))
#5 C:\xampp\htdocs\cartrader\vendor\cakephp\cakephp\src\Http\Runner.php(65): Cake\Http\Runner->__invoke(Object(Cake\Http\ServerRequest), Object(Cake\Http\Response), Object(Cake\Http\Runner))
#6 C:\xampp\htdocs\cartrader\vendor\cakephp\cakephp\src\Http\Middleware\CsrfProtectionMiddleware.php(124): Cake\Http\Runner->__invoke(Object(Cake\Http\ServerRequest), Object(Cake\Http\Response))
#7 C:\xampp\htdocs\cartrader\vendor\cakephp\cakephp\src\Http\Runner.php(65): Cake\Http\Middleware\CsrfProtectionMiddleware->__invoke(Object(Cake\Http\ServerRequest), Object(Cake\Http\Response), Object(Cake\Http\Runner))
#8 C:\xampp\htdocs\cartrader\vendor\cakephp\cakephp\src\Http\Runner.php(51): Cake\Http\Runner->__invoke(Object(Cake\Http\ServerRequest), Object(Cake\Http\Response))
#9 C:\xampp\htdocs\cartrader\vendor\cakephp\cakephp\src\Routing\Middleware\RoutingMiddleware.php(170): Cake\Http\Runner->run(Object(Cake\Http\MiddlewareQueue), Object(Cake\Http\ServerRequest), Object(Cake\Http\Response))
#10 C:\xampp\htdocs\cartrader\vendor\cakephp\cakephp\src\Http\Runner.php(65): Cake\Routing\Middleware\RoutingMiddleware->__invoke(Object(Cake\Http\ServerRequest), Object(Cake\Http\Response), Object(Cake\Http\Runner))
#11 C:\xampp\htdocs\cartrader\vendor\cakephp\cakephp\src\Routing\Middleware\AssetMiddleware.php(88): Cake\Http\Runner->__invoke(Object(Cake\Http\ServerRequest), Object(Cake\Http\Response))
#12 C:\xampp\htdocs\cartrader\vendor\cakephp\cakephp\src\Http\Runner.php(65): Cake\Routing\Middleware\AssetMiddleware->__invoke(Object(Cake\Http\ServerRequest), Object(Cake\Http\Response), Object(Cake\Http\Runner))
#13 C:\xampp\htdocs\cartrader\vendor\cakephp\cakephp\src\Error\Middleware\ErrorHandlerMiddleware.php(96): Cake\Http\Runner->__invoke(Object(Cake\Http\ServerRequest), Object(Cake\Http\Response))
#14 C:\xampp\htdocs\cartrader\vendor\cakephp\cakephp\src\Http\Runner.php(65): Cake\Error\Middleware\ErrorHandlerMiddleware->__invoke(Object(Cake\Http\ServerRequest), Object(Cake\Http\Response), Object(Cake\Http\Runner))
#15 C:\xampp\htdocs\cartrader\vendor\cakephp\debug_kit\src\Middleware\DebugKitMiddleware.php(53): Cake\Http\Runner->__invoke(Object(Cake\Http\ServerRequest), Object(Cake\Http\Response))
#16 C:\xampp\htdocs\cartrader\vendor\cakephp\cakephp\src\Http\Runner.php(65): DebugKit\Middleware\DebugKitMiddleware->__invoke(Object(Cake\Http\ServerRequest), Object(Cake\Http\Response), Object(Cake\Http\Runner))
#17 C:\xampp\htdocs\cartrader\vendor\cakephp\cakephp\src\Http\Runner.php(51): Cake\Http\Runner->__invoke(Object(Cake\Http\ServerRequest), Object(Cake\Http\Response))
#18 C:\xampp\htdocs\cartrader\vendor\cakephp\cakephp\src\Http\Server.php(97): Cake\Http\Runner->run(Object(Cake\Http\MiddlewareQueue), Object(Cake\Http\ServerRequest), Object(Cake\Http\Response))
#19 C:\xampp\htdocs\cartrader\webroot\index.php(40): Cake\Http\Server->run()
#20 {main}
Request URL: /users/


2020-06-27 10:20:23 Error: [RuntimeException] The Cake\ORM\Table::validationDefault() validation method must return an instance of Cake\Validation\Validator. (C:\xampp\htdocs\cartrader\vendor\cakephp\cakephp\src\Validation\ValidatorAwareTrait.php:184)
#0 C:\xampp\htdocs\cartrader\vendor\cakephp\cakephp\src\Validation\ValidatorAwareTrait.php(150): Cake\ORM\Table->createValidator('default')
#1 C:\xampp\htdocs\cartrader\vendor\cakephp\cakephp\src\ORM\Marshaller.php(246): Cake\ORM\Table->getValidator()
#2 C:\xampp\htdocs\cartrader\vendor\cakephp\cakephp\src\ORM\Marshaller.php(569): Cake\ORM\Marshaller->_validate(Array, Array, true)
#3 C:\xampp\htdocs\cartrader\vendor\cakephp\cakephp\src\ORM\Table.php(2730): Cake\ORM\Marshaller->merge(Object(App\Model\Entity\User), Array, Array)
#4 C:\xampp\htdocs\cartrader\src\Controller\UsersController.php(67): Cake\ORM\Table->patchEntity(Object(App\Model\Entity\User), Array)
#5 C:\xampp\htdocs\cartrader\vendor\cakephp\cakephp\src\Controller\Controller.php(609): App\Controller\UsersController->add()
#6 C:\xampp\htdocs\cartrader\vendor\cakephp\cakephp\src\Http\ActionDispatcher.php(120): Cake\Controller\Controller->invokeAction()
#7 C:\xampp\htdocs\cartrader\vendor\cakephp\cakephp\src\Http\ActionDispatcher.php(94): Cake\Http\ActionDispatcher->_invoke(Object(App\Controller\UsersController))
#8 C:\xampp\htdocs\cartrader\vendor\cakephp\cakephp\src\Http\BaseApplication.php(234): Cake\Http\ActionDispatcher->dispatch(Object(Cake\Http\ServerRequest), Object(Cake\Http\Response))
#9 C:\xampp\htdocs\cartrader\vendor\cakephp\cakephp\src\Http\Runner.php(65): Cake\Http\BaseApplication->__invoke(Object(Cake\Http\ServerRequest), Object(Cake\Http\Response), Object(Cake\Http\Runner))
#10 C:\xampp\htdocs\cartrader\vendor\cakephp\cakephp\src\Http\Runner.php(65): Cake\Http\Runner->__invoke(Object(Cake\Http\ServerRequest), Object(Cake\Http\Response), Object(Cake\Http\Runner))
#11 C:\xampp\htdocs\cartrader\vendor\cakephp\cakephp\src\Http\Middleware\CsrfProtectionMiddleware.php(124): Cake\Http\Runner->__invoke(Object(Cake\Http\ServerRequest), Object(Cake\Http\Response))
#12 C:\xampp\htdocs\cartrader\vendor\cakephp\cakephp\src\Http\Runner.php(65): Cake\Http\Middleware\CsrfProtectionMiddleware->__invoke(Object(Cake\Http\ServerRequest), Object(Cake\Http\Response), Object(Cake\Http\Runner))
#13 C:\xampp\htdocs\cartrader\vendor\cakephp\cakephp\src\Http\Runner.php(51): Cake\Http\Runner->__invoke(Object(Cake\Http\ServerRequest), Object(Cake\Http\Response))
#14 C:\xampp\htdocs\cartrader\vendor\cakephp\cakephp\src\Routing\Middleware\RoutingMiddleware.php(170): Cake\Http\Runner->run(Object(Cake\Http\MiddlewareQueue), Object(Cake\Http\ServerRequest), Object(Cake\Http\Response))
#15 C:\xampp\htdocs\cartrader\vendor\cakephp\cakephp\src\Http\Runner.php(65): Cake\Routing\Middleware\RoutingMiddleware->__invoke(Object(Cake\Http\ServerRequest), Object(Cake\Http\Response), Object(Cake\Http\Runner))
#16 C:\xampp\htdocs\cartrader\vendor\cakephp\cakephp\src\Routing\Middleware\AssetMiddleware.php(88): Cake\Http\Runner->__invoke(Object(Cake\Http\ServerRequest), Object(Cake\Http\Response))
#17 C:\xampp\htdocs\cartrader\vendor\cakephp\cakephp\src\Http\Runner.php(65): Cake\Routing\Middleware\AssetMiddleware->__invoke(Object(Cake\Http\ServerRequest), Object(Cake\Http\Response), Object(Cake\Http\Runner))
#18 C:\xampp\htdocs\cartrader\vendor\cakephp\cakephp\src\Error\Middleware\ErrorHandlerMiddleware.php(96): Cake\Http\Runner->__invoke(Object(Cake\Http\ServerRequest), Object(Cake\Http\Response))
#19 C:\xampp\htdocs\cartrader\vendor\cakephp\cakephp\src\Http\Runner.php(65): Cake\Error\Middleware\ErrorHandlerMiddleware->__invoke(Object(Cake\Http\ServerRequest), Object(Cake\Http\Response), Object(Cake\Http\Runner))
#20 C:\xampp\htdocs\cartrader\vendor\cakephp\debug_kit\src\Middleware\DebugKitMiddleware.php(53): Cake\Http\Runner->__invoke(Object(Cake\Http\ServerRequest), Object(Cake\Http\Response))
#21 C:\xampp\htdocs\cartrader\vendor\cakephp\cakephp\src\Http\Runner.php(65): DebugKit\Middleware\DebugKitMiddleware->__invoke(Object(Cake\Http\ServerRequest), Object(Cake\Http\Response), Object(Cake\Http\Runner))
#22 C:\xampp\htdocs\cartrader\vendor\cakephp\cakephp\src\Http\Runner.php(51): Cake\Http\Runner->__invoke(Object(Cake\Http\ServerRequest), Object(Cake\Http\Response))
#23 C:\xampp\htdocs\cartrader\vendor\cakephp\cakephp\src\Http\Server.php(97): Cake\Http\Runner->run(Object(Cake\Http\MiddlewareQueue), Object(Cake\Http\ServerRequest), Object(Cake\Http\Response))
#24 C:\xampp\htdocs\cartrader\webroot\index.php(40): Cake\Http\Server->run()
#25 {main}
Request URL: /users/add
Referer URL: http://localhost/cartrader/users/add


2020-06-27 10:20:39 Error: [RuntimeException] The Cake\ORM\Table::validationDefault() validation method must return an instance of Cake\Validation\Validator. (C:\xampp\htdocs\cartrader\vendor\cakephp\cakephp\src\Validation\ValidatorAwareTrait.php:184)
#0 C:\xampp\htdocs\cartrader\vendor\cakephp\cakephp\src\Validation\ValidatorAwareTrait.php(150): Cake\ORM\Table->createValidator('default')
#1 C:\xampp\htdocs\cartrader\vendor\cakephp\cakephp\src\ORM\Marshaller.php(246): Cake\ORM\Table->getValidator()
#2 C:\xampp\htdocs\cartrader\vendor\cakephp\cakephp\src\ORM\Marshaller.php(569): Cake\ORM\Marshaller->_validate(Array, Array, true)
#3 C:\xampp\htdocs\cartrader\vendor\cakephp\cakephp\src\ORM\Table.php(2730): Cake\ORM\Marshaller->merge(Object(App\Model\Entity\User), Array, Array)
#4 C:\xampp\htdocs\cartrader\src\Controller\UsersController.php(67): Cake\ORM\Table->patchEntity(Object(App\Model\Entity\User), Array)
#5 C:\xampp\htdocs\cartrader\vendor\cakephp\cakephp\src\Controller\Controller.php(609): App\Controller\UsersController->add()
#6 C:\xampp\htdocs\cartrader\vendor\cakephp\cakephp\src\Http\ActionDispatcher.php(120): Cake\Controller\Controller->invokeAction()
#7 C:\xampp\htdocs\cartrader\vendor\cakephp\cakephp\src\Http\ActionDispatcher.php(94): Cake\Http\ActionDispatcher->_invoke(Object(App\Controller\UsersController))
#8 C:\xampp\htdocs\cartrader\vendor\cakephp\cakephp\src\Http\BaseApplication.php(234): Cake\Http\ActionDispatcher->dispatch(Object(Cake\Http\ServerRequest), Object(Cake\Http\Response))
#9 C:\xampp\htdocs\cartrader\vendor\cakephp\cakephp\src\Http\Runner.php(65): Cake\Http\BaseApplication->__invoke(Object(Cake\Http\ServerRequest), Object(Cake\Http\Response), Object(Cake\Http\Runner))
#10 C:\xampp\htdocs\cartrader\vendor\cakephp\cakephp\src\Http\Runner.php(65): Cake\Http\Runner->__invoke(Object(Cake\Http\ServerRequest), Object(Cake\Http\Response), Object(Cake\Http\Runner))
#11 C:\xampp\htdocs\cartrader\vendor\cakephp\cakephp\src\Http\Middleware\CsrfProtectionMiddleware.php(124): Cake\Http\Runner->__invoke(Object(Cake\Http\ServerRequest), Object(Cake\Http\Response))
#12 C:\xampp\htdocs\cartrader\vendor\cakephp\cakephp\src\Http\Runner.php(65): Cake\Http\Middleware\CsrfProtectionMiddleware->__invoke(Object(Cake\Http\ServerRequest), Object(Cake\Http\Response), Object(Cake\Http\Runner))
#13 C:\xampp\htdocs\cartrader\vendor\cakephp\cakephp\src\Http\Runner.php(51): Cake\Http\Runner->__invoke(Object(Cake\Http\ServerRequest), Object(Cake\Http\Response))
#14 C:\xampp\htdocs\cartrader\vendor\cakephp\cakephp\src\Routing\Middleware\RoutingMiddleware.php(170): Cake\Http\Runner->run(Object(Cake\Http\MiddlewareQueue), Object(Cake\Http\ServerRequest), Object(Cake\Http\Response))
#15 C:\xampp\htdocs\cartrader\vendor\cakephp\cakephp\src\Http\Runner.php(65): Cake\Routing\Middleware\RoutingMiddleware->__invoke(Object(Cake\Http\ServerRequest), Object(Cake\Http\Response), Object(Cake\Http\Runner))
#16 C:\xampp\htdocs\cartrader\vendor\cakephp\cakephp\src\Routing\Middleware\AssetMiddleware.php(88): Cake\Http\Runner->__invoke(Object(Cake\Http\ServerRequest), Object(Cake\Http\Response))
#17 C:\xampp\htdocs\cartrader\vendor\cakephp\cakephp\src\Http\Runner.php(65): Cake\Routing\Middleware\AssetMiddleware->__invoke(Object(Cake\Http\ServerRequest), Object(Cake\Http\Response), Object(Cake\Http\Runner))
#18 C:\xampp\htdocs\cartrader\vendor\cakephp\cakephp\src\Error\Middleware\ErrorHandlerMiddleware.php(96): Cake\Http\Runner->__invoke(Object(Cake\Http\ServerRequest), Object(Cake\Http\Response))
#19 C:\xampp\htdocs\cartrader\vendor\cakephp\cakephp\src\Http\Runner.php(65): Cake\Error\Middleware\ErrorHandlerMiddleware->__invoke(Object(Cake\Http\ServerRequest), Object(Cake\Http\Response), Object(Cake\Http\Runner))
#20 C:\xampp\htdocs\cartrader\vendor\cakephp\debug_kit\src\Middleware\DebugKitMiddleware.php(53): Cake\Http\Runner->__invoke(Object(Cake\Http\ServerRequest), Object(Cake\Http\Response))
#21 C:\xampp\htdocs\cartrader\vendor\cakephp\cakephp\src\Http\Runner.php(65): DebugKit\Middleware\DebugKitMiddleware->__invoke(Object(Cake\Http\ServerRequest), Object(Cake\Http\Response), Object(Cake\Http\Runner))
#22 C:\xampp\htdocs\cartrader\vendor\cakephp\cakephp\src\Http\Runner.php(51): Cake\Http\Runner->__invoke(Object(Cake\Http\ServerRequest), Object(Cake\Http\Response))
#23 C:\xampp\htdocs\cartrader\vendor\cakephp\cakephp\src\Http\Server.php(97): Cake\Http\Runner->run(Object(Cake\Http\MiddlewareQueue), Object(Cake\Http\ServerRequest), Object(Cake\Http\Response))
#24 C:\xampp\htdocs\cartrader\webroot\index.php(40): Cake\Http\Server->run()
#25 {main}
Request URL: /users/add
Referer URL: http://localhost/cartrader/users/add


2020-06-27 10:22:18 Error: [RuntimeException] The Cake\ORM\Table::validationDefault() validation method must return an instance of Cake\Validation\Validator. (C:\xampp\htdocs\cartrader\vendor\cakephp\cakephp\src\Validation\ValidatorAwareTrait.php:184)
#0 C:\xampp\htdocs\cartrader\vendor\cakephp\cakephp\src\Validation\ValidatorAwareTrait.php(150): Cake\ORM\Table->createValidator('default')
#1 C:\xampp\htdocs\cartrader\vendor\cakephp\cakephp\src\ORM\Marshaller.php(246): Cake\ORM\Table->getValidator()
#2 C:\xampp\htdocs\cartrader\vendor\cakephp\cakephp\src\ORM\Marshaller.php(569): Cake\ORM\Marshaller->_validate(Array, Array, true)
#3 C:\xampp\htdocs\cartrader\vendor\cakephp\cakephp\src\ORM\Table.php(2730): Cake\ORM\Marshaller->merge(Object(App\Model\Entity\User), Array, Array)
#4 C:\xampp\htdocs\cartrader\src\Controller\UsersController.php(67): Cake\ORM\Table->patchEntity(Object(App\Model\Entity\User), Array)
#5 C:\xampp\htdocs\cartrader\vendor\cakephp\cakephp\src\Controller\Controller.php(609): App\Controller\UsersController->add()
#6 C:\xampp\htdocs\cartrader\vendor\cakephp\cakephp\src\Http\ActionDispatcher.php(120): Cake\Controller\Controller->invokeAction()
#7 C:\xampp\htdocs\cartrader\vendor\cakephp\cakephp\src\Http\ActionDispatcher.php(94): Cake\Http\ActionDispatcher->_invoke(Object(App\Controller\UsersController))
#8 C:\xampp\htdocs\cartrader\vendor\cakephp\cakephp\src\Http\BaseApplication.php(234): Cake\Http\ActionDispatcher->dispatch(Object(Cake\Http\ServerRequest), Object(Cake\Http\Response))
#9 C:\xampp\htdocs\cartrader\vendor\cakephp\cakephp\src\Http\Runner.php(65): Cake\Http\BaseApplication->__invoke(Object(Cake\Http\ServerRequest), Object(Cake\Http\Response), Object(Cake\Http\Runner))
#10 C:\xampp\htdocs\cartrader\vendor\cakephp\cakephp\src\Http\Runner.php(65): Cake\Http\Runner->__invoke(Object(Cake\Http\ServerRequest), Object(Cake\Http\Response), Object(Cake\Http\Runner))
#11 C:\xampp\htdocs\cartrader\vendor\cakephp\cakephp\src\Http\Middleware\CsrfProtectionMiddleware.php(124): Cake\Http\Runner->__invoke(Object(Cake\Http\ServerRequest), Object(Cake\Http\Response))
#12 C:\xampp\htdocs\cartrader\vendor\cakephp\cakephp\src\Http\Runner.php(65): Cake\Http\Middleware\CsrfProtectionMiddleware->__invoke(Object(Cake\Http\ServerRequest), Object(Cake\Http\Response), Object(Cake\Http\Runner))
#13 C:\xampp\htdocs\cartrader\vendor\cakephp\cakephp\src\Http\Runner.php(51): Cake\Http\Runner->__invoke(Object(Cake\Http\ServerRequest), Object(Cake\Http\Response))
#14 C:\xampp\htdocs\cartrader\vendor\cakephp\cakephp\src\Routing\Middleware\RoutingMiddleware.php(170): Cake\Http\Runner->run(Object(Cake\Http\MiddlewareQueue), Object(Cake\Http\ServerRequest), Object(Cake\Http\Response))
#15 C:\xampp\htdocs\cartrader\vendor\cakephp\cakephp\src\Http\Runner.php(65): Cake\Routing\Middleware\RoutingMiddleware->__invoke(Object(Cake\Http\ServerRequest), Object(Cake\Http\Response), Object(Cake\Http\Runner))
#16 C:\xampp\htdocs\cartrader\vendor\cakephp\cakephp\src\Routing\Middleware\AssetMiddleware.php(88): Cake\Http\Runner->__invoke(Object(Cake\Http\ServerRequest), Object(Cake\Http\Response))
#17 C:\xampp\htdocs\cartrader\vendor\cakephp\cakephp\src\Http\Runner.php(65): Cake\Routing\Middleware\AssetMiddleware->__invoke(Object(Cake\Http\ServerRequest), Object(Cake\Http\Response), Object(Cake\Http\Runner))
#18 C:\xampp\htdocs\cartrader\vendor\cakephp\cakephp\src\Error\Middleware\ErrorHandlerMiddleware.php(96): Cake\Http\Runner->__invoke(Object(Cake\Http\ServerRequest), Object(Cake\Http\Response))
#19 C:\xampp\htdocs\cartrader\vendor\cakephp\cakephp\src\Http\Runner.php(65): Cake\Error\Middleware\ErrorHandlerMiddleware->__invoke(Object(Cake\Http\ServerRequest), Object(Cake\Http\Response), Object(Cake\Http\Runner))
#20 C:\xampp\htdocs\cartrader\vendor\cakephp\debug_kit\src\Middleware\DebugKitMiddleware.php(53): Cake\Http\Runner->__invoke(Object(Cake\Http\ServerRequest), Object(Cake\Http\Response))
#21 C:\xampp\htdocs\cartrader\vendor\cakephp\cakephp\src\Http\Runner.php(65): DebugKit\Middleware\DebugKitMiddleware->__invoke(Object(Cake\Http\ServerRequest), Object(Cake\Http\Response), Object(Cake\Http\Runner))
#22 C:\xampp\htdocs\cartrader\vendor\cakephp\cakephp\src\Http\Runner.php(51): Cake\Http\Runner->__invoke(Object(Cake\Http\ServerRequest), Object(Cake\Http\Response))
#23 C:\xampp\htdocs\cartrader\vendor\cakephp\cakephp\src\Http\Server.php(97): Cake\Http\Runner->run(Object(Cake\Http\MiddlewareQueue), Object(Cake\Http\ServerRequest), Object(Cake\Http\Response))
#24 C:\xampp\htdocs\cartrader\webroot\index.php(40): Cake\Http\Server->run()
#25 {main}
Request URL: /users/add
Referer URL: http://localhost/cartrader/users/add


2020-06-27 10:23:35 Error: [PDOException] SQLSTATE[42S22]: Column not found: 1054 Unknown column 'active' in 'where clause' (C:\xampp\htdocs\cartrader\vendor\cakephp\cakephp\src\Database\Statement\MysqlStatement.php:38)
#0 C:\xampp\htdocs\cartrader\vendor\cakephp\cakephp\src\Database\Statement\MysqlStatement.php(38): PDOStatement->execute(NULL)
#1 C:\xampp\htdocs\cartrader\vendor\cakephp\cakephp\src\Database\Statement\StatementDecorator.php(173): Cake\Database\Statement\MysqlStatement->execute(NULL)
#2 C:\xampp\htdocs\cartrader\vendor\cakephp\cakephp\src\Database\Log\LoggingStatement.php(55): Cake\Database\Statement\StatementDecorator->execute(NULL)
#3 C:\xampp\htdocs\cartrader\vendor\cakephp\cakephp\src\Database\Connection.php(333): Cake\Database\Log\LoggingStatement->execute()
#4 C:\xampp\htdocs\cartrader\vendor\cakephp\cakephp\src\Core\Retry\CommandRetry.php(67): Cake\Database\Connection->Cake\Database\{closure}()
#5 C:\xampp\htdocs\cartrader\vendor\cakephp\cakephp\src\Database\Connection.php(336): Cake\Core\Retry\CommandRetry->run(Object(Closure))
#6 C:\xampp\htdocs\cartrader\vendor\cakephp\cakephp\src\Database\Query.php(218): Cake\Database\Connection->run(Object(Cake\ORM\Query))
#7 C:\xampp\htdocs\cartrader\vendor\cakephp\cakephp\src\ORM\Query.php(1144): Cake\Database\Query->execute()
#8 C:\xampp\htdocs\cartrader\vendor\cakephp\cakephp\src\Datasource\QueryTrait.php(310): Cake\ORM\Query->_execute()
#9 C:\xampp\htdocs\cartrader\vendor\cakephp\cakephp\src\ORM\Query.php(1088): Cake\ORM\Query->_all()
#10 C:\xampp\htdocs\cartrader\vendor\cakephp\cakephp\src\Datasource\QueryTrait.php(472): Cake\ORM\Query->all()
#11 C:\xampp\htdocs\cartrader\vendor\cakephp\cakephp\src\Auth\BaseAuthenticate.php(114): Cake\ORM\Query->first()
#12 C:\xampp\htdocs\cartrader\vendor\cakephp\cakephp\src\Auth\FormAuthenticate.php(86): Cake\Auth\BaseAuthenticate->_findUser('nilmoni@gmail.c...', '123456')
#13 C:\xampp\htdocs\cartrader\vendor\cakephp\cakephp\src\Controller\Component\AuthComponent.php(826): Cake\Auth\FormAuthenticate->authenticate(Object(Cake\Http\ServerRequest), Object(Cake\Http\Response))
#14 C:\xampp\htdocs\cartrader\src\Controller\UsersController.php(29): Cake\Controller\Component\AuthComponent->identify()
#15 C:\xampp\htdocs\cartrader\vendor\cakephp\cakephp\src\Controller\Controller.php(609): App\Controller\UsersController->index()
#16 C:\xampp\htdocs\cartrader\vendor\cakephp\cakephp\src\Http\ActionDispatcher.php(120): Cake\Controller\Controller->invokeAction()
#17 C:\xampp\htdocs\cartrader\vendor\cakephp\cakephp\src\Http\ActionDispatcher.php(94): Cake\Http\ActionDispatcher->_invoke(Object(App\Controller\UsersController))
#18 C:\xampp\htdocs\cartrader\vendor\cakephp\cakephp\src\Http\BaseApplication.php(234): Cake\Http\ActionDispatcher->dispatch(Object(Cake\Http\ServerRequest), Object(Cake\Http\Response))
#19 C:\xampp\htdocs\cartrader\vendor\cakephp\cakephp\src\Http\Runner.php(65): Cake\Http\BaseApplication->__invoke(Object(Cake\Http\ServerRequest), Object(Cake\Http\Response), Object(Cake\Http\Runner))
#20 C:\xampp\htdocs\cartrader\vendor\cakephp\cakephp\src\Http\Runner.php(65): Cake\Http\Runner->__invoke(Object(Cake\Http\ServerRequest), Object(Cake\Http\Response), Object(Cake\Http\Runner))
#21 C:\xampp\htdocs\cartrader\vendor\cakephp\cakephp\src\Http\Middleware\CsrfProtectionMiddleware.php(124): Cake\Http\Runner->__invoke(Object(Cake\Http\ServerRequest), Object(Cake\Http\Response))
#22 C:\xampp\htdocs\cartrader\vendor\cakephp\cakephp\src\Http\Runner.php(65): Cake\Http\Middleware\CsrfProtectionMiddleware->__invoke(Object(Cake\Http\ServerRequest), Object(Cake\Http\Response), Object(Cake\Http\Runner))
#23 C:\xampp\htdocs\cartrader\vendor\cakephp\cakephp\src\Http\Runner.php(51): Cake\Http\Runner->__invoke(Object(Cake\Http\ServerRequest), Object(Cake\Http\Response))
#24 C:\xampp\htdocs\cartrader\vendor\cakephp\cakephp\src\Routing\Middleware\RoutingMiddleware.php(170): Cake\Http\Runner->run(Object(Cake\Http\MiddlewareQueue), Object(Cake\Http\ServerRequest), Object(Cake\Http\Response))
#25 C:\xampp\htdocs\cartrader\vendor\cakephp\cakephp\src\Http\Runner.php(65): Cake\Routing\Middleware\RoutingMiddleware->__invoke(Object(Cake\Http\ServerRequest), Object(Cake\Http\Response), Object(Cake\Http\Runner))
#26 C:\xampp\htdocs\cartrader\vendor\cakephp\cakephp\src\Routing\Middleware\AssetMiddleware.php(88): Cake\Http\Runner->__invoke(Object(Cake\Http\ServerRequest), Object(Cake\Http\Response))
#27 C:\xampp\htdocs\cartrader\vendor\cakephp\cakephp\src\Http\Runner.php(65): Cake\Routing\Middleware\AssetMiddleware->__invoke(Object(Cake\Http\ServerRequest), Object(Cake\Http\Response), Object(Cake\Http\Runner))
#28 C:\xampp\htdocs\cartrader\vendor\cakephp\cakephp\src\Error\Middleware\ErrorHandlerMiddleware.php(96): Cake\Http\Runner->__invoke(Object(Cake\Http\ServerRequest), Object(Cake\Http\Response))
#29 C:\xampp\htdocs\cartrader\vendor\cakephp\cakephp\src\Http\Runner.php(65): Cake\Error\Middleware\ErrorHandlerMiddleware->__invoke(Object(Cake\Http\ServerRequest), Object(Cake\Http\Response), Object(Cake\Http\Runner))
#30 C:\xampp\htdocs\cartrader\vendor\cakephp\debug_kit\src\Middleware\DebugKitMiddleware.php(53): Cake\Http\Runner->__invoke(Object(Cake\Http\ServerRequest), Object(Cake\Http\Response))
#31 C:\xampp\htdocs\cartrader\vendor\cakephp\cakephp\src\Http\Runner.php(65): DebugKit\Middleware\DebugKitMiddleware->__invoke(Object(Cake\Http\ServerRequest), Object(Cake\Http\Response), Object(Cake\Http\Runner))
#32 C:\xampp\htdocs\cartrader\vendor\cakephp\cakephp\src\Http\Runner.php(51): Cake\Http\Runner->__invoke(Object(Cake\Http\ServerRequest), Object(Cake\Http\Response))
#33 C:\xampp\htdocs\cartrader\vendor\cakephp\cakephp\src\Http\Server.php(97): Cake\Http\Runner->run(Object(Cake\Http\MiddlewareQueue), Object(Cake\Http\ServerRequest), Object(Cake\Http\Response))
#34 C:\xampp\htdocs\cartrader\webroot\index.php(40): Cake\Http\Server->run()
#35 {main}
Request URL: /users
Referer URL: http://localhost/cartrader/users


2020-06-27 10:39:27 Error: [ParseError] syntax error, unexpected 'echo' (T_ECHO) (C:\xampp\htdocs\cartrader\src\Controller\UsersController.php:27)
#0 C:\xampp\htdocs\cartrader\vendor\composer\ClassLoader.php(322): Composer\Autoload\includeFile('C:\\xampp\\htdocs...')
#1 [internal function]: Composer\Autoload\ClassLoader->loadClass('App\\Controller\\...')
#2 [internal function]: spl_autoload_call('App\\Controller\\...')
#3 C:\xampp\htdocs\cartrader\vendor\cakephp\cakephp\src\Core\App.php(151): class_exists('App\\Controller\\...')
#4 C:\xampp\htdocs\cartrader\vendor\cakephp\cakephp\src\Core\App.php(63): Cake\Core\App::_classExistsInBase('\\Controller\\Use...', 'App')
#5 C:\xampp\htdocs\cartrader\vendor\cakephp\cakephp\src\Http\ControllerFactory.php(93): Cake\Core\App::className('Users', 'Controller', 'Controller')
#6 C:\xampp\htdocs\cartrader\vendor\cakephp\cakephp\src\Http\ControllerFactory.php(37): Cake\Http\ControllerFactory->getControllerClass(Object(Cake\Http\ServerRequest))
#7 C:\xampp\htdocs\cartrader\vendor\cakephp\cakephp\src\Http\ActionDispatcher.php(91): Cake\Http\ControllerFactory->create(Object(Cake\Http\ServerRequest), Object(Cake\Http\Response))
#8 C:\xampp\htdocs\cartrader\vendor\cakephp\cakephp\src\Http\BaseApplication.php(234): Cake\Http\ActionDispatcher->dispatch(Object(Cake\Http\ServerRequest), Object(Cake\Http\Response))
#9 C:\xampp\htdocs\cartrader\vendor\cakephp\cakephp\src\Http\Runner.php(65): Cake\Http\BaseApplication->__invoke(Object(Cake\Http\ServerRequest), Object(Cake\Http\Response), Object(Cake\Http\Runner))
#10 C:\xampp\htdocs\cartrader\vendor\cakephp\cakephp\src\Http\Runner.php(65): Cake\Http\Runner->__invoke(Object(Cake\Http\ServerRequest), Object(Cake\Http\Response), Object(Cake\Http\Runner))
#11 C:\xampp\htdocs\cartrader\vendor\cakephp\cakephp\src\Http\Middleware\CsrfProtectionMiddleware.php(124): Cake\Http\Runner->__invoke(Object(Cake\Http\ServerRequest), Object(Cake\Http\Response))
#12 C:\xampp\htdocs\cartrader\vendor\cakephp\cakephp\src\Http\Runner.php(65): Cake\Http\Middleware\CsrfProtectionMiddleware->__invoke(Object(Cake\Http\ServerRequest), Object(Cake\Http\Response), Object(Cake\Http\Runner))
#13 C:\xampp\htdocs\cartrader\vendor\cakephp\cakephp\src\Http\Runner.php(51): Cake\Http\Runner->__invoke(Object(Cake\Http\ServerRequest), Object(Cake\Http\Response))
#14 C:\xampp\htdocs\cartrader\vendor\cakephp\cakephp\src\Routing\Middleware\RoutingMiddleware.php(170): Cake\Http\Runner->run(Object(Cake\Http\MiddlewareQueue), Object(Cake\Http\ServerRequest), Object(Cake\Http\Response))
#15 C:\xampp\htdocs\cartrader\vendor\cakephp\cakephp\src\Http\Runner.php(65): Cake\Routing\Middleware\RoutingMiddleware->__invoke(Object(Cake\Http\ServerRequest), Object(Cake\Http\Response), Object(Cake\Http\Runner))
#16 C:\xampp\htdocs\cartrader\vendor\cakephp\cakephp\src\Routing\Middleware\AssetMiddleware.php(88): Cake\Http\Runner->__invoke(Object(Cake\Http\ServerRequest), Object(Cake\Http\Response))
#17 C:\xampp\htdocs\cartrader\vendor\cakephp\cakephp\src\Http\Runner.php(65): Cake\Routing\Middleware\AssetMiddleware->__invoke(Object(Cake\Http\ServerRequest), Object(Cake\Http\Response), Object(Cake\Http\Runner))
#18 C:\xampp\htdocs\cartrader\vendor\cakephp\cakephp\src\Error\Middleware\ErrorHandlerMiddleware.php(96): Cake\Http\Runner->__invoke(Object(Cake\Http\ServerRequest), Object(Cake\Http\Response))
#19 C:\xampp\htdocs\cartrader\vendor\cakephp\cakephp\src\Http\Runner.php(65): Cake\Error\Middleware\ErrorHandlerMiddleware->__invoke(Object(Cake\Http\ServerRequest), Object(Cake\Http\Response), Object(Cake\Http\Runner))
#20 C:\xampp\htdocs\cartrader\vendor\cakephp\debug_kit\src\Middleware\DebugKitMiddleware.php(53): Cake\Http\Runner->__invoke(Object(Cake\Http\ServerRequest), Object(Cake\Http\Response))
#21 C:\xampp\htdocs\cartrader\vendor\cakephp\cakephp\src\Http\Runner.php(65): DebugKit\Middleware\DebugKitMiddleware->__invoke(Object(Cake\Http\ServerRequest), Object(Cake\Http\Response), Object(Cake\Http\Runner))
#22 C:\xampp\htdocs\cartrader\vendor\cakephp\cakephp\src\Http\Runner.php(51): Cake\Http\Runner->__invoke(Object(Cake\Http\ServerRequest), Object(Cake\Http\Response))
#23 C:\xampp\htdocs\cartrader\vendor\cakephp\cakephp\src\Http\Server.php(97): Cake\Http\Runner->run(Object(Cake\Http\MiddlewareQueue), Object(Cake\Http\ServerRequest), Object(Cake\Http\Response))
#24 C:\xampp\htdocs\cartrader\webroot\index.php(40): Cake\Http\Server->run()
#25 {main}
Request URL: /users?redirect=%2Fcar-lists%2Fadd


2020-06-27 10:46:11 Error: [Cake\Routing\Exception\MissingControllerException] Controller class Add could not be found. (C:\xampp\htdocs\cartrader\vendor\cakephp\cakephp\src\Http\ControllerFactory.php:105)
Exception Attributes: array (
  'class' => 'Add',
  'plugin' => false,
  'prefix' => false,
  '_ext' => false,
)
#0 C:\xampp\htdocs\cartrader\vendor\cakephp\cakephp\src\Http\ControllerFactory.php(39): Cake\Http\ControllerFactory->missingController(Object(Cake\Http\ServerRequest))
#1 C:\xampp\htdocs\cartrader\vendor\cakephp\cakephp\src\Http\ActionDispatcher.php(91): Cake\Http\ControllerFactory->create(Object(Cake\Http\ServerRequest), Object(Cake\Http\Response))
#2 C:\xampp\htdocs\cartrader\vendor\cakephp\cakephp\src\Http\BaseApplication.php(234): Cake\Http\ActionDispatcher->dispatch(Object(Cake\Http\ServerRequest), Object(Cake\Http\Response))
#3 C:\xampp\htdocs\cartrader\vendor\cakephp\cakephp\src\Http\Runner.php(65): Cake\Http\BaseApplication->__invoke(Object(Cake\Http\ServerRequest), Object(Cake\Http\Response), Object(Cake\Http\Runner))
#4 C:\xampp\htdocs\cartrader\vendor\cakephp\cakephp\src\Http\Runner.php(65): Cake\Http\Runner->__invoke(Object(Cake\Http\ServerRequest), Object(Cake\Http\Response), Object(Cake\Http\Runner))
#5 C:\xampp\htdocs\cartrader\vendor\cakephp\cakephp\src\Http\Middleware\CsrfProtectionMiddleware.php(124): Cake\Http\Runner->__invoke(Object(Cake\Http\ServerRequest), Object(Cake\Http\Response))
#6 C:\xampp\htdocs\cartrader\vendor\cakephp\cakephp\src\Http\Runner.php(65): Cake\Http\Middleware\CsrfProtectionMiddleware->__invoke(Object(Cake\Http\ServerRequest), Object(Cake\Http\Response), Object(Cake\Http\Runner))
#7 C:\xampp\htdocs\cartrader\vendor\cakephp\cakephp\src\Http\Runner.php(51): Cake\Http\Runner->__invoke(Object(Cake\Http\ServerRequest), Object(Cake\Http\Response))
#8 C:\xampp\htdocs\cartrader\vendor\cakephp\cakephp\src\Routing\Middleware\RoutingMiddleware.php(170): Cake\Http\Runner->run(Object(Cake\Http\MiddlewareQueue), Object(Cake\Http\ServerRequest), Object(Cake\Http\Response))
#9 C:\xampp\htdocs\cartrader\vendor\cakephp\cakephp\src\Http\Runner.php(65): Cake\Routing\Middleware\RoutingMiddleware->__invoke(Object(Cake\Http\ServerRequest), Object(Cake\Http\Response), Object(Cake\Http\Runner))
#10 C:\xampp\htdocs\cartrader\vendor\cakephp\cakephp\src\Routing\Middleware\AssetMiddleware.php(88): Cake\Http\Runner->__invoke(Object(Cake\Http\ServerRequest), Object(Cake\Http\Response))
#11 C:\xampp\htdocs\cartrader\vendor\cakephp\cakephp\src\Http\Runner.php(65): Cake\Routing\Middleware\AssetMiddleware->__invoke(Object(Cake\Http\ServerRequest), Object(Cake\Http\Response), Object(Cake\Http\Runner))
#12 C:\xampp\htdocs\cartrader\vendor\cakephp\cakephp\src\Error\Middleware\ErrorHandlerMiddleware.php(96): Cake\Http\Runner->__invoke(Object(Cake\Http\ServerRequest), Object(Cake\Http\Response))
#13 C:\xampp\htdocs\cartrader\vendor\cakephp\cakephp\src\Http\Runner.php(65): Cake\Error\Middleware\ErrorHandlerMiddleware->__invoke(Object(Cake\Http\ServerRequest), Object(Cake\Http\Response), Object(Cake\Http\Runner))
#14 C:\xampp\htdocs\cartrader\vendor\cakephp\debug_kit\src\Middleware\DebugKitMiddleware.php(53): Cake\Http\Runner->__invoke(Object(Cake\Http\ServerRequest), Object(Cake\Http\Response))
#15 C:\xampp\htdocs\cartrader\vendor\cakephp\cakephp\src\Http\Runner.php(65): DebugKit\Middleware\DebugKitMiddleware->__invoke(Object(Cake\Http\ServerRequest), Object(Cake\Http\Response), Object(Cake\Http\Runner))
#16 C:\xampp\htdocs\cartrader\vendor\cakephp\cakephp\src\Http\Runner.php(51): Cake\Http\Runner->__invoke(Object(Cake\Http\ServerRequest), Object(Cake\Http\Response))
#17 C:\xampp\htdocs\cartrader\vendor\cakephp\cakephp\src\Http\Server.php(97): Cake\Http\Runner->run(Object(Cake\Http\MiddlewareQueue), Object(Cake\Http\ServerRequest), Object(Cake\Http\Response))
#18 C:\xampp\htdocs\cartrader\webroot\index.php(40): Cake\Http\Server->run()
#19 {main}
Request URL: /add


2020-06-27 11:06:34 Error: [ParseError] syntax error, unexpected '<', expecting end of file (C:\xampp\htdocs\cartrader\src\Template\Carts\index.ctp:8)
#0 C:\xampp\htdocs\cartrader\vendor\cakephp\cakephp\src\View\View.php(1381): Cake\View\View->_evaluate('C:\\xampp\\htdocs...', Array)
#1 C:\xampp\htdocs\cartrader\vendor\cakephp\cakephp\src\View\View.php(879): Cake\View\View->_render('C:\\xampp\\htdocs...')
#2 C:\xampp\htdocs\cartrader\vendor\cakephp\cakephp\src\Controller\Controller.php(795): Cake\View\View->render(NULL, NULL)
#3 C:\xampp\htdocs\cartrader\vendor\cakephp\cakephp\src\Http\ActionDispatcher.php(126): Cake\Controller\Controller->render()
#4 C:\xampp\htdocs\cartrader\vendor\cakephp\cakephp\src\Http\ActionDispatcher.php(94): Cake\Http\ActionDispatcher->_invoke(Object(App\Controller\CartsController))
#5 C:\xampp\htdocs\cartrader\vendor\cakephp\cakephp\src\Http\BaseApplication.php(234): Cake\Http\ActionDispatcher->dispatch(Object(Cake\Http\ServerRequest), Object(Cake\Http\Response))
#6 C:\xampp\htdocs\cartrader\vendor\cakephp\cakephp\src\Http\Runner.php(65): Cake\Http\BaseApplication->__invoke(Object(Cake\Http\ServerRequest), Object(Cake\Http\Response), Object(Cake\Http\Runner))
#7 C:\xampp\htdocs\cartrader\vendor\cakephp\cakephp\src\Http\Runner.php(65): Cake\Http\Runner->__invoke(Object(Cake\Http\ServerRequest), Object(Cake\Http\Response), Object(Cake\Http\Runner))
#8 C:\xampp\htdocs\cartrader\vendor\cakephp\cakephp\src\Http\Middleware\CsrfProtectionMiddleware.php(124): Cake\Http\Runner->__invoke(Object(Cake\Http\ServerRequest), Object(Cake\Http\Response))
#9 C:\xampp\htdocs\cartrader\vendor\cakephp\cakephp\src\Http\Runner.php(65): Cake\Http\Middleware\CsrfProtectionMiddleware->__invoke(Object(Cake\Http\ServerRequest), Object(Cake\Http\Response), Object(Cake\Http\Runner))
#10 C:\xampp\htdocs\cartrader\vendor\cakephp\cakephp\src\Http\Runner.php(51): Cake\Http\Runner->__invoke(Object(Cake\Http\ServerRequest), Object(Cake\Http\Response))
#11 C:\xampp\htdocs\cartrader\vendor\cakephp\cakephp\src\Routing\Middleware\RoutingMiddleware.php(170): Cake\Http\Runner->run(Object(Cake\Http\MiddlewareQueue), Object(Cake\Http\ServerRequest), Object(Cake\Http\Response))
#12 C:\xampp\htdocs\cartrader\vendor\cakephp\cakephp\src\Http\Runner.php(65): Cake\Routing\Middleware\RoutingMiddleware->__invoke(Object(Cake\Http\ServerRequest), Object(Cake\Http\Response), Object(Cake\Http\Runner))
#13 C:\xampp\htdocs\cartrader\vendor\cakephp\cakephp\src\Routing\Middleware\AssetMiddleware.php(88): Cake\Http\Runner->__invoke(Object(Cake\Http\ServerRequest), Object(Cake\Http\Response))
#14 C:\xampp\htdocs\cartrader\vendor\cakephp\cakephp\src\Http\Runner.php(65): Cake\Routing\Middleware\AssetMiddleware->__invoke(Object(Cake\Http\ServerRequest), Object(Cake\Http\Response), Object(Cake\Http\Runner))
#15 C:\xampp\htdocs\cartrader\vendor\cakephp\cakephp\src\Error\Middleware\ErrorHandlerMiddleware.php(96): Cake\Http\Runner->__invoke(Object(Cake\Http\ServerRequest), Object(Cake\Http\Response))
#16 C:\xampp\htdocs\cartrader\vendor\cakephp\cakephp\src\Http\Runner.php(65): Cake\Error\Middleware\ErrorHandlerMiddleware->__invoke(Object(Cake\Http\ServerRequest), Object(Cake\Http\Response), Object(Cake\Http\Runner))
#17 C:\xampp\htdocs\cartrader\vendor\cakephp\debug_kit\src\Middleware\DebugKitMiddleware.php(53): Cake\Http\Runner->__invoke(Object(Cake\Http\ServerRequest), Object(Cake\Http\Response))
#18 C:\xampp\htdocs\cartrader\vendor\cakephp\cakephp\src\Http\Runner.php(65): DebugKit\Middleware\DebugKitMiddleware->__invoke(Object(Cake\Http\ServerRequest), Object(Cake\Http\Response), Object(Cake\Http\Runner))
#19 C:\xampp\htdocs\cartrader\vendor\cakephp\cakephp\src\Http\Runner.php(51): Cake\Http\Runner->__invoke(Object(Cake\Http\ServerRequest), Object(Cake\Http\Response))
#20 C:\xampp\htdocs\cartrader\vendor\cakephp\cakephp\src\Http\Server.php(97): Cake\Http\Runner->run(Object(Cake\Http\MiddlewareQueue), Object(Cake\Http\ServerRequest), Object(Cake\Http\Response))
#21 C:\xampp\htdocs\cartrader\webroot\index.php(40): Cake\Http\Server->run()
#22 {main}
Request URL: /carts/index


2020-06-27 11:15:03 Error: [ParseError] syntax error, unexpected end of file (C:\xampp\htdocs\cartrader\src\Template\Element\menu.ctp:20)
#0 C:\xampp\htdocs\cartrader\vendor\cakephp\cakephp\src\View\View.php(1381): Cake\View\View->_evaluate('C:\\xampp\\htdocs...', Array)
#1 C:\xampp\htdocs\cartrader\vendor\cakephp\cakephp\src\View\View.php(1857): Cake\View\View->_render('C:\\xampp\\htdocs...', Array)
#2 C:\xampp\htdocs\cartrader\vendor\cakephp\cakephp\src\View\View.php(782): Cake\View\View->_renderElement('C:\\xampp\\htdocs...', Array, Array)
#3 C:\xampp\htdocs\cartrader\src\Template\Carts\index.ctp(7): Cake\View\View->element('menu')
#4 C:\xampp\htdocs\cartrader\vendor\cakephp\cakephp\src\View\View.php(1420): include('C:\\xampp\\htdocs...')
#5 C:\xampp\htdocs\cartrader\vendor\cakephp\cakephp\src\View\View.php(1381): Cake\View\View->_evaluate('C:\\xampp\\htdocs...', Array)
#6 C:\xampp\htdocs\cartrader\vendor\cakephp\cakephp\src\View\View.php(879): Cake\View\View->_render('C:\\xampp\\htdocs...')
#7 C:\xampp\htdocs\cartrader\vendor\cakephp\cakephp\src\Controller\Controller.php(795): Cake\View\View->render(NULL, NULL)
#8 C:\xampp\htdocs\cartrader\vendor\cakephp\cakephp\src\Http\ActionDispatcher.php(126): Cake\Controller\Controller->render()
#9 C:\xampp\htdocs\cartrader\vendor\cakephp\cakephp\src\Http\ActionDispatcher.php(94): Cake\Http\ActionDispatcher->_invoke(Object(App\Controller\CartsController))
#10 C:\xampp\htdocs\cartrader\vendor\cakephp\cakephp\src\Http\BaseApplication.php(234): Cake\Http\ActionDispatcher->dispatch(Object(Cake\Http\ServerRequest), Object(Cake\Http\Response))
#11 C:\xampp\htdocs\cartrader\vendor\cakephp\cakephp\src\Http\Runner.php(65): Cake\Http\BaseApplication->__invoke(Object(Cake\Http\ServerRequest), Object(Cake\Http\Response), Object(Cake\Http\Runner))
#12 C:\xampp\htdocs\cartrader\vendor\cakephp\cakephp\src\Http\Runner.php(65): Cake\Http\Runner->__invoke(Object(Cake\Http\ServerRequest), Object(Cake\Http\Response), Object(Cake\Http\Runner))
#13 C:\xampp\htdocs\cartrader\vendor\cakephp\cakephp\src\Http\Middleware\CsrfProtectionMiddleware.php(124): Cake\Http\Runner->__invoke(Object(Cake\Http\ServerRequest), Object(Cake\Http\Response))
#14 C:\xampp\htdocs\cartrader\vendor\cakephp\cakephp\src\Http\Runner.php(65): Cake\Http\Middleware\CsrfProtectionMiddleware->__invoke(Object(Cake\Http\ServerRequest), Object(Cake\Http\Response), Object(Cake\Http\Runner))
#15 C:\xampp\htdocs\cartrader\vendor\cakephp\cakephp\src\Http\Runner.php(51): Cake\Http\Runner->__invoke(Object(Cake\Http\ServerRequest), Object(Cake\Http\Response))
#16 C:\xampp\htdocs\cartrader\vendor\cakephp\cakephp\src\Routing\Middleware\RoutingMiddleware.php(170): Cake\Http\Runner->run(Object(Cake\Http\MiddlewareQueue), Object(Cake\Http\ServerRequest), Object(Cake\Http\Response))
#17 C:\xampp\htdocs\cartrader\vendor\cakephp\cakephp\src\Http\Runner.php(65): Cake\Routing\Middleware\RoutingMiddleware->__invoke(Object(Cake\Http\ServerRequest), Object(Cake\Http\Response), Object(Cake\Http\Runner))
#18 C:\xampp\htdocs\cartrader\vendor\cakephp\cakephp\src\Routing\Middleware\AssetMiddleware.php(88): Cake\Http\Runner->__invoke(Object(Cake\Http\ServerRequest), Object(Cake\Http\Response))
#19 C:\xampp\htdocs\cartrader\vendor\cakephp\cakephp\src\Http\Runner.php(65): Cake\Routing\Middleware\AssetMiddleware->__invoke(Object(Cake\Http\ServerRequest), Object(Cake\Http\Response), Object(Cake\Http\Runner))
#20 C:\xampp\htdocs\cartrader\vendor\cakephp\cakephp\src\Error\Middleware\ErrorHandlerMiddleware.php(96): Cake\Http\Runner->__invoke(Object(Cake\Http\ServerRequest), Object(Cake\Http\Response))
#21 C:\xampp\htdocs\cartrader\vendor\cakephp\cakephp\src\Http\Runner.php(65): Cake\Error\Middleware\ErrorHandlerMiddleware->__invoke(Object(Cake\Http\ServerRequest), Object(Cake\Http\Response), Object(Cake\Http\Runner))
#22 C:\xampp\htdocs\cartrader\vendor\cakephp\debug_kit\src\Middleware\DebugKitMiddleware.php(53): Cake\Http\Runner->__invoke(Object(Cake\Http\ServerRequest), Object(Cake\Http\Response))
#23 C:\xampp\htdocs\cartrader\vendor\cakephp\cakephp\src\Http\Runner.php(65): DebugKit\Middleware\DebugKitMiddleware->__invoke(Object(Cake\Http\ServerRequest), Object(Cake\Http\Response), Object(Cake\Http\Runner))
#24 C:\xampp\htdocs\cartrader\vendor\cakephp\cakephp\src\Http\Runner.php(51): Cake\Http\Runner->__invoke(Object(Cake\Http\ServerRequest), Object(Cake\Http\Response))
#25 C:\xampp\htdocs\cartrader\vendor\cakephp\cakephp\src\Http\Server.php(97): Cake\Http\Runner->run(Object(Cake\Http\MiddlewareQueue), Object(Cake\Http\ServerRequest), Object(Cake\Http\Response))
#26 C:\xampp\htdocs\cartrader\webroot\index.php(40): Cake\Http\Server->run()
#27 {main}
Request URL: /carts/index


2020-06-27 11:54:05 Error: [ParseError] syntax error, unexpected '<' (C:\xampp\htdocs\cartrader\src\Template\CarLists\index.ctp:33)
#0 C:\xampp\htdocs\cartrader\vendor\cakephp\cakephp\src\View\View.php(1381): Cake\View\View->_evaluate('C:\\xampp\\htdocs...', Array)
#1 C:\xampp\htdocs\cartrader\vendor\cakephp\cakephp\src\View\View.php(879): Cake\View\View->_render('C:\\xampp\\htdocs...')
#2 C:\xampp\htdocs\cartrader\vendor\cakephp\cakephp\src\Controller\Controller.php(795): Cake\View\View->render(NULL, NULL)
#3 C:\xampp\htdocs\cartrader\vendor\cakephp\cakephp\src\Http\ActionDispatcher.php(126): Cake\Controller\Controller->render()
#4 C:\xampp\htdocs\cartrader\vendor\cakephp\cakephp\src\Http\ActionDispatcher.php(94): Cake\Http\ActionDispatcher->_invoke(Object(App\Controller\CarListsController))
#5 C:\xampp\htdocs\cartrader\vendor\cakephp\cakephp\src\Http\BaseApplication.php(234): Cake\Http\ActionDispatcher->dispatch(Object(Cake\Http\ServerRequest), Object(Cake\Http\Response))
#6 C:\xampp\htdocs\cartrader\vendor\cakephp\cakephp\src\Http\Runner.php(65): Cake\Http\BaseApplication->__invoke(Object(Cake\Http\ServerRequest), Object(Cake\Http\Response), Object(Cake\Http\Runner))
#7 C:\xampp\htdocs\cartrader\vendor\cakephp\cakephp\src\Http\Runner.php(65): Cake\Http\Runner->__invoke(Object(Cake\Http\ServerRequest), Object(Cake\Http\Response), Object(Cake\Http\Runner))
#8 C:\xampp\htdocs\cartrader\vendor\cakephp\cakephp\src\Http\Middleware\CsrfProtectionMiddleware.php(124): Cake\Http\Runner->__invoke(Object(Cake\Http\ServerRequest), Object(Cake\Http\Response))
#9 C:\xampp\htdocs\cartrader\vendor\cakephp\cakephp\src\Http\Runner.php(65): Cake\Http\Middleware\CsrfProtectionMiddleware->__invoke(Object(Cake\Http\ServerRequest), Object(Cake\Http\Response), Object(Cake\Http\Runner))
#10 C:\xampp\htdocs\cartrader\vendor\cakephp\cakephp\src\Http\Runner.php(51): Cake\Http\Runner->__invoke(Object(Cake\Http\ServerRequest), Object(Cake\Http\Response))
#11 C:\xampp\htdocs\cartrader\vendor\cakephp\cakephp\src\Routing\Middleware\RoutingMiddleware.php(170): Cake\Http\Runner->run(Object(Cake\Http\MiddlewareQueue), Object(Cake\Http\ServerRequest), Object(Cake\Http\Response))
#12 C:\xampp\htdocs\cartrader\vendor\cakephp\cakephp\src\Http\Runner.php(65): Cake\Routing\Middleware\RoutingMiddleware->__invoke(Object(Cake\Http\ServerRequest), Object(Cake\Http\Response), Object(Cake\Http\Runner))
#13 C:\xampp\htdocs\cartrader\vendor\cakephp\cakephp\src\Routing\Middleware\AssetMiddleware.php(88): Cake\Http\Runner->__invoke(Object(Cake\Http\ServerRequest), Object(Cake\Http\Response))
#14 C:\xampp\htdocs\cartrader\vendor\cakephp\cakephp\src\Http\Runner.php(65): Cake\Routing\Middleware\AssetMiddleware->__invoke(Object(Cake\Http\ServerRequest), Object(Cake\Http\Response), Object(Cake\Http\Runner))
#15 C:\xampp\htdocs\cartrader\vendor\cakephp\cakephp\src\Error\Middleware\ErrorHandlerMiddleware.php(96): Cake\Http\Runner->__invoke(Object(Cake\Http\ServerRequest), Object(Cake\Http\Response))
#16 C:\xampp\htdocs\cartrader\vendor\cakephp\cakephp\src\Http\Runner.php(65): Cake\Error\Middleware\ErrorHandlerMiddleware->__invoke(Object(Cake\Http\ServerRequest), Object(Cake\Http\Response), Object(Cake\Http\Runner))
#17 C:\xampp\htdocs\cartrader\vendor\cakephp\debug_kit\src\Middleware\DebugKitMiddleware.php(53): Cake\Http\Runner->__invoke(Object(Cake\Http\ServerRequest), Object(Cake\Http\Response))
#18 C:\xampp\htdocs\cartrader\vendor\cakephp\cakephp\src\Http\Runner.php(65): DebugKit\Middleware\DebugKitMiddleware->__invoke(Object(Cake\Http\ServerRequest), Object(Cake\Http\Response), Object(Cake\Http\Runner))
#19 C:\xampp\htdocs\cartrader\vendor\cakephp\cakephp\src\Http\Runner.php(51): Cake\Http\Runner->__invoke(Object(Cake\Http\ServerRequest), Object(Cake\Http\Response))
#20 C:\xampp\htdocs\cartrader\vendor\cakephp\cakephp\src\Http\Server.php(97): Cake\Http\Runner->run(Object(Cake\Http\MiddlewareQueue), Object(Cake\Http\ServerRequest), Object(Cake\Http\Response))
#21 C:\xampp\htdocs\cartrader\webroot\index.php(40): Cake\Http\Server->run()
#22 {main}
Request URL: /car-lists
Referer URL: http://localhost/cartrader/car-lists


2020-06-27 11:56:12 Error: [ParseError] syntax error, unexpected '<' (C:\xampp\htdocs\cartrader\src\Template\CarLists\index.ctp:32)
#0 C:\xampp\htdocs\cartrader\vendor\cakephp\cakephp\src\View\View.php(1381): Cake\View\View->_evaluate('C:\\xampp\\htdocs...', Array)
#1 C:\xampp\htdocs\cartrader\vendor\cakephp\cakephp\src\View\View.php(879): Cake\View\View->_render('C:\\xampp\\htdocs...')
#2 C:\xampp\htdocs\cartrader\vendor\cakephp\cakephp\src\Controller\Controller.php(795): Cake\View\View->render(NULL, NULL)
#3 C:\xampp\htdocs\cartrader\vendor\cakephp\cakephp\src\Http\ActionDispatcher.php(126): Cake\Controller\Controller->render()
#4 C:\xampp\htdocs\cartrader\vendor\cakephp\cakephp\src\Http\ActionDispatcher.php(94): Cake\Http\ActionDispatcher->_invoke(Object(App\Controller\CarListsController))
#5 C:\xampp\htdocs\cartrader\vendor\cakephp\cakephp\src\Http\BaseApplication.php(234): Cake\Http\ActionDispatcher->dispatch(Object(Cake\Http\ServerRequest), Object(Cake\Http\Response))
#6 C:\xampp\htdocs\cartrader\vendor\cakephp\cakephp\src\Http\Runner.php(65): Cake\Http\BaseApplication->__invoke(Object(Cake\Http\ServerRequest), Object(Cake\Http\Response), Object(Cake\Http\Runner))
#7 C:\xampp\htdocs\cartrader\vendor\cakephp\cakephp\src\Http\Runner.php(65): Cake\Http\Runner->__invoke(Object(Cake\Http\ServerRequest), Object(Cake\Http\Response), Object(Cake\Http\Runner))
#8 C:\xampp\htdocs\cartrader\vendor\cakephp\cakephp\src\Http\Middleware\CsrfProtectionMiddleware.php(124): Cake\Http\Runner->__invoke(Object(Cake\Http\ServerRequest), Object(Cake\Http\Response))
#9 C:\xampp\htdocs\cartrader\vendor\cakephp\cakephp\src\Http\Runner.php(65): Cake\Http\Middleware\CsrfProtectionMiddleware->__invoke(Object(Cake\Http\ServerRequest), Object(Cake\Http\Response), Object(Cake\Http\Runner))
#10 C:\xampp\htdocs\cartrader\vendor\cakephp\cakephp\src\Http\Runner.php(51): Cake\Http\Runner->__invoke(Object(Cake\Http\ServerRequest), Object(Cake\Http\Response))
#11 C:\xampp\htdocs\cartrader\vendor\cakephp\cakephp\src\Routing\Middleware\RoutingMiddleware.php(170): Cake\Http\Runner->run(Object(Cake\Http\MiddlewareQueue), Object(Cake\Http\ServerRequest), Object(Cake\Http\Response))
#12 C:\xampp\htdocs\cartrader\vendor\cakephp\cakephp\src\Http\Runner.php(65): Cake\Routing\Middleware\RoutingMiddleware->__invoke(Object(Cake\Http\ServerRequest), Object(Cake\Http\Response), Object(Cake\Http\Runner))
#13 C:\xampp\htdocs\cartrader\vendor\cakephp\cakephp\src\Routing\Middleware\AssetMiddleware.php(88): Cake\Http\Runner->__invoke(Object(Cake\Http\ServerRequest), Object(Cake\Http\Response))
#14 C:\xampp\htdocs\cartrader\vendor\cakephp\cakephp\src\Http\Runner.php(65): Cake\Routing\Middleware\AssetMiddleware->__invoke(Object(Cake\Http\ServerRequest), Object(Cake\Http\Response), Object(Cake\Http\Runner))
#15 C:\xampp\htdocs\cartrader\vendor\cakephp\cakephp\src\Error\Middleware\ErrorHandlerMiddleware.php(96): Cake\Http\Runner->__invoke(Object(Cake\Http\ServerRequest), Object(Cake\Http\Response))
#16 C:\xampp\htdocs\cartrader\vendor\cakephp\cakephp\src\Http\Runner.php(65): Cake\Error\Middleware\ErrorHandlerMiddleware->__invoke(Object(Cake\Http\ServerRequest), Object(Cake\Http\Response), Object(Cake\Http\Runner))
#17 C:\xampp\htdocs\cartrader\vendor\cakephp\debug_kit\src\Middleware\DebugKitMiddleware.php(53): Cake\Http\Runner->__invoke(Object(Cake\Http\ServerRequest), Object(Cake\Http\Response))
#18 C:\xampp\htdocs\cartrader\vendor\cakephp\cakephp\src\Http\Runner.php(65): DebugKit\Middleware\DebugKitMiddleware->__invoke(Object(Cake\Http\ServerRequest), Object(Cake\Http\Response), Object(Cake\Http\Runner))
#19 C:\xampp\htdocs\cartrader\vendor\cakephp\cakephp\src\Http\Runner.php(51): Cake\Http\Runner->__invoke(Object(Cake\Http\ServerRequest), Object(Cake\Http\Response))
#20 C:\xampp\htdocs\cartrader\vendor\cakephp\cakephp\src\Http\Server.php(97): Cake\Http\Runner->run(Object(Cake\Http\MiddlewareQueue), Object(Cake\Http\ServerRequest), Object(Cake\Http\Response))
#21 C:\xampp\htdocs\cartrader\webroot\index.php(40): Cake\Http\Server->run()
#22 {main}
Request URL: /car-lists
Referer URL: http://localhost/cartrader/car-lists


2020-06-27 11:57:01 Error: [ParseError] syntax error, unexpected 'endforeach' (T_ENDFOREACH) (C:\xampp\htdocs\cartrader\src\Template\CarLists\index.ctp:36)
#0 C:\xampp\htdocs\cartrader\vendor\cakephp\cakephp\src\View\View.php(1381): Cake\View\View->_evaluate('C:\\xampp\\htdocs...', Array)
#1 C:\xampp\htdocs\cartrader\vendor\cakephp\cakephp\src\View\View.php(879): Cake\View\View->_render('C:\\xampp\\htdocs...')
#2 C:\xampp\htdocs\cartrader\vendor\cakephp\cakephp\src\Controller\Controller.php(795): Cake\View\View->render(NULL, NULL)
#3 C:\xampp\htdocs\cartrader\vendor\cakephp\cakephp\src\Http\ActionDispatcher.php(126): Cake\Controller\Controller->render()
#4 C:\xampp\htdocs\cartrader\vendor\cakephp\cakephp\src\Http\ActionDispatcher.php(94): Cake\Http\ActionDispatcher->_invoke(Object(App\Controller\CarListsController))
#5 C:\xampp\htdocs\cartrader\vendor\cakephp\cakephp\src\Http\BaseApplication.php(234): Cake\Http\ActionDispatcher->dispatch(Object(Cake\Http\ServerRequest), Object(Cake\Http\Response))
#6 C:\xampp\htdocs\cartrader\vendor\cakephp\cakephp\src\Http\Runner.php(65): Cake\Http\BaseApplication->__invoke(Object(Cake\Http\ServerRequest), Object(Cake\Http\Response), Object(Cake\Http\Runner))
#7 C:\xampp\htdocs\cartrader\vendor\cakephp\cakephp\src\Http\Runner.php(65): Cake\Http\Runner->__invoke(Object(Cake\Http\ServerRequest), Object(Cake\Http\Response), Object(Cake\Http\Runner))
#8 C:\xampp\htdocs\cartrader\vendor\cakephp\cakephp\src\Http\Middleware\CsrfProtectionMiddleware.php(124): Cake\Http\Runner->__invoke(Object(Cake\Http\ServerRequest), Object(Cake\Http\Response))
#9 C:\xampp\htdocs\cartrader\vendor\cakephp\cakephp\src\Http\Runner.php(65): Cake\Http\Middleware\CsrfProtectionMiddleware->__invoke(Object(Cake\Http\ServerRequest), Object(Cake\Http\Response), Object(Cake\Http\Runner))
#10 C:\xampp\htdocs\cartrader\vendor\cakephp\cakephp\src\Http\Runner.php(51): Cake\Http\Runner->__invoke(Object(Cake\Http\ServerRequest), Object(Cake\Http\Response))
#11 C:\xampp\htdocs\cartrader\vendor\cakephp\cakephp\src\Routing\Middleware\RoutingMiddleware.php(170): Cake\Http\Runner->run(Object(Cake\Http\MiddlewareQueue), Object(Cake\Http\ServerRequest), Object(Cake\Http\Response))
#12 C:\xampp\htdocs\cartrader\vendor\cakephp\cakephp\src\Http\Runner.php(65): Cake\Routing\Middleware\RoutingMiddleware->__invoke(Object(Cake\Http\ServerRequest), Object(Cake\Http\Response), Object(Cake\Http\Runner))
#13 C:\xampp\htdocs\cartrader\vendor\cakephp\cakephp\src\Routing\Middleware\AssetMiddleware.php(88): Cake\Http\Runner->__invoke(Object(Cake\Http\ServerRequest), Object(Cake\Http\Response))
#14 C:\xampp\htdocs\cartrader\vendor\cakephp\cakephp\src\Http\Runner.php(65): Cake\Routing\Middleware\AssetMiddleware->__invoke(Object(Cake\Http\ServerRequest), Object(Cake\Http\Response), Object(Cake\Http\Runner))
#15 C:\xampp\htdocs\cartrader\vendor\cakephp\cakephp\src\Error\Middleware\ErrorHandlerMiddleware.php(96): Cake\Http\Runner->__invoke(Object(Cake\Http\ServerRequest), Object(Cake\Http\Response))
#16 C:\xampp\htdocs\cartrader\vendor\cakephp\cakephp\src\Http\Runner.php(65): Cake\Error\Middleware\ErrorHandlerMiddleware->__invoke(Object(Cake\Http\ServerRequest), Object(Cake\Http\Response), Object(Cake\Http\Runner))
#17 C:\xampp\htdocs\cartrader\vendor\cakephp\debug_kit\src\Middleware\DebugKitMiddleware.php(53): Cake\Http\Runner->__invoke(Object(Cake\Http\ServerRequest), Object(Cake\Http\Response))
#18 C:\xampp\htdocs\cartrader\vendor\cakephp\cakephp\src\Http\Runner.php(65): DebugKit\Middleware\DebugKitMiddleware->__invoke(Object(Cake\Http\ServerRequest), Object(Cake\Http\Response), Object(Cake\Http\Runner))
#19 C:\xampp\htdocs\cartrader\vendor\cakephp\cakephp\src\Http\Runner.php(51): Cake\Http\Runner->__invoke(Object(Cake\Http\ServerRequest), Object(Cake\Http\Response))
#20 C:\xampp\htdocs\cartrader\vendor\cakephp\cakephp\src\Http\Server.php(97): Cake\Http\Runner->run(Object(Cake\Http\MiddlewareQueue), Object(Cake\Http\ServerRequest), Object(Cake\Http\Response))
#21 C:\xampp\htdocs\cartrader\webroot\index.php(40): Cake\Http\Server->run()
#22 {main}
Request URL: /car-lists
Referer URL: http://localhost/cartrader/car-lists


2020-06-27 12:09:38 Error: [ParseError] syntax error, unexpected '$users' (T_VARIABLE), expecting function (T_FUNCTION) or const (T_CONST) (C:\xampp\htdocs\cartrader\src\Controller\CartsController.php:73)
#0 C:\xampp\htdocs\cartrader\vendor\composer\ClassLoader.php(322): Composer\Autoload\includeFile('C:\\xampp\\htdocs...')
#1 [internal function]: Composer\Autoload\ClassLoader->loadClass('App\\Controller\\...')
#2 [internal function]: spl_autoload_call('App\\Controller\\...')
#3 C:\xampp\htdocs\cartrader\vendor\cakephp\cakephp\src\Core\App.php(151): class_exists('App\\Controller\\...')
#4 C:\xampp\htdocs\cartrader\vendor\cakephp\cakephp\src\Core\App.php(63): Cake\Core\App::_classExistsInBase('\\Controller\\Car...', 'App')
#5 C:\xampp\htdocs\cartrader\vendor\cakephp\cakephp\src\Http\ControllerFactory.php(93): Cake\Core\App::className('Carts', 'Controller', 'Controller')
#6 C:\xampp\htdocs\cartrader\vendor\cakephp\cakephp\src\Http\ControllerFactory.php(37): Cake\Http\ControllerFactory->getControllerClass(Object(Cake\Http\ServerRequest))
#7 C:\xampp\htdocs\cartrader\vendor\cakephp\cakephp\src\Http\ActionDispatcher.php(91): Cake\Http\ControllerFactory->create(Object(Cake\Http\ServerRequest), Object(Cake\Http\Response))
#8 C:\xampp\htdocs\cartrader\vendor\cakephp\cakephp\src\Http\BaseApplication.php(234): Cake\Http\ActionDispatcher->dispatch(Object(Cake\Http\ServerRequest), Object(Cake\Http\Response))
#9 C:\xampp\htdocs\cartrader\vendor\cakephp\cakephp\src\Http\Runner.php(65): Cake\Http\BaseApplication->__invoke(Object(Cake\Http\ServerRequest), Object(Cake\Http\Response), Object(Cake\Http\Runner))
#10 C:\xampp\htdocs\cartrader\vendor\cakephp\cakephp\src\Http\Runner.php(65): Cake\Http\Runner->__invoke(Object(Cake\Http\ServerRequest), Object(Cake\Http\Response), Object(Cake\Http\Runner))
#11 C:\xampp\htdocs\cartrader\vendor\cakephp\cakephp\src\Http\Middleware\CsrfProtectionMiddleware.php(124): Cake\Http\Runner->__invoke(Object(Cake\Http\ServerRequest), Object(Cake\Http\Response))
#12 C:\xampp\htdocs\cartrader\vendor\cakephp\cakephp\src\Http\Runner.php(65): Cake\Http\Middleware\CsrfProtectionMiddleware->__invoke(Object(Cake\Http\ServerRequest), Object(Cake\Http\Response), Object(Cake\Http\Runner))
#13 C:\xampp\htdocs\cartrader\vendor\cakephp\cakephp\src\Http\Runner.php(51): Cake\Http\Runner->__invoke(Object(Cake\Http\ServerRequest), Object(Cake\Http\Response))
#14 C:\xampp\htdocs\cartrader\vendor\cakephp\cakephp\src\Routing\Middleware\RoutingMiddleware.php(170): Cake\Http\Runner->run(Object(Cake\Http\MiddlewareQueue), Object(Cake\Http\ServerRequest), Object(Cake\Http\Response))
#15 C:\xampp\htdocs\cartrader\vendor\cakephp\cakephp\src\Http\Runner.php(65): Cake\Routing\Middleware\RoutingMiddleware->__invoke(Object(Cake\Http\ServerRequest), Object(Cake\Http\Response), Object(Cake\Http\Runner))
#16 C:\xampp\htdocs\cartrader\vendor\cakephp\cakephp\src\Routing\Middleware\AssetMiddleware.php(88): Cake\Http\Runner->__invoke(Object(Cake\Http\ServerRequest), Object(Cake\Http\Response))
#17 C:\xampp\htdocs\cartrader\vendor\cakephp\cakephp\src\Http\Runner.php(65): Cake\Routing\Middleware\AssetMiddleware->__invoke(Object(Cake\Http\ServerRequest), Object(Cake\Http\Response), Object(Cake\Http\Runner))
#18 C:\xampp\htdocs\cartrader\vendor\cakephp\cakephp\src\Error\Middleware\ErrorHandlerMiddleware.php(96): Cake\Http\Runner->__invoke(Object(Cake\Http\ServerRequest), Object(Cake\Http\Response))
#19 C:\xampp\htdocs\cartrader\vendor\cakephp\cakephp\src\Http\Runner.php(65): Cake\Error\Middleware\ErrorHandlerMiddleware->__invoke(Object(Cake\Http\ServerRequest), Object(Cake\Http\Response), Object(Cake\Http\Runner))
#20 C:\xampp\htdocs\cartrader\vendor\cakephp\debug_kit\src\Middleware\DebugKitMiddleware.php(53): Cake\Http\Runner->__invoke(Object(Cake\Http\ServerRequest), Object(Cake\Http\Response))
#21 C:\xampp\htdocs\cartrader\vendor\cakephp\cakephp\src\Http\Runner.php(65): DebugKit\Middleware\DebugKitMiddleware->__invoke(Object(Cake\Http\ServerRequest), Object(Cake\Http\Response), Object(Cake\Http\Runner))
#22 C:\xampp\htdocs\cartrader\vendor\cakephp\cakephp\src\Http\Runner.php(51): Cake\Http\Runner->__invoke(Object(Cake\Http\ServerRequest), Object(Cake\Http\Response))
#23 C:\xampp\htdocs\cartrader\vendor\cakephp\cakephp\src\Http\Server.php(97): Cake\Http\Runner->run(Object(Cake\Http\MiddlewareQueue), Object(Cake\Http\ServerRequest), Object(Cake\Http\Response))
#24 C:\xampp\htdocs\cartrader\webroot\index.php(40): Cake\Http\Server->run()
#25 {main}
Request URL: /carts/add/1
Referer URL: http://localhost/cartrader/car-lists


2020-06-27 12:13:01 Error: [PDOException] SQLSTATE[23000]: Integrity constraint violation: 1048 Column 'price' cannot be null (C:\xampp\htdocs\cartrader\vendor\cakephp\cakephp\src\Database\Statement\MysqlStatement.php:38)
#0 C:\xampp\htdocs\cartrader\vendor\cakephp\cakephp\src\Database\Statement\MysqlStatement.php(38): PDOStatement->execute(NULL)
#1 C:\xampp\htdocs\cartrader\vendor\cakephp\cakephp\src\Database\Statement\StatementDecorator.php(173): Cake\Database\Statement\MysqlStatement->execute(NULL)
#2 C:\xampp\htdocs\cartrader\vendor\cakephp\cakephp\src\Database\Log\LoggingStatement.php(55): Cake\Database\Statement\StatementDecorator->execute(NULL)
#3 C:\xampp\htdocs\cartrader\vendor\cakephp\cakephp\src\Database\Connection.php(333): Cake\Database\Log\LoggingStatement->execute()
#4 C:\xampp\htdocs\cartrader\vendor\cakephp\cakephp\src\Core\Retry\CommandRetry.php(67): Cake\Database\Connection->Cake\Database\{closure}()
#5 C:\xampp\htdocs\cartrader\vendor\cakephp\cakephp\src\Database\Connection.php(336): Cake\Core\Retry\CommandRetry->run(Object(Closure))
#6 C:\xampp\htdocs\cartrader\vendor\cakephp\cakephp\src\Database\Query.php(218): Cake\Database\Connection->run(Object(Cake\ORM\Query))
#7 C:\xampp\htdocs\cartrader\vendor\cakephp\cakephp\src\ORM\Table.php(2129): Cake\Database\Query->execute()
#8 C:\xampp\htdocs\cartrader\vendor\cakephp\cakephp\src\ORM\Table.php(2021): Cake\ORM\Table->_insert(Object(App\Model\Entity\Cart), Array)
#9 C:\xampp\htdocs\cartrader\vendor\cakephp\cakephp\src\ORM\Table.php(1934): Cake\ORM\Table->_processSave(Object(App\Model\Entity\Cart), Object(ArrayObject))
#10 C:\xampp\htdocs\cartrader\vendor\cakephp\cakephp\src\ORM\Table.php(1639): Cake\ORM\Table->Cake\ORM\{closure}()
#11 C:\xampp\htdocs\cartrader\vendor\cakephp\cakephp\src\Database\Connection.php(737): Cake\ORM\Table->Cake\ORM\{closure}(Object(Cake\Database\Connection))
#12 C:\xampp\htdocs\cartrader\vendor\cakephp\cakephp\src\ORM\Table.php(1640): Cake\Database\Connection->transactional(Object(Closure))
#13 C:\xampp\htdocs\cartrader\vendor\cakephp\cakephp\src\ORM\Table.php(1935): Cake\ORM\Table->_executeTransaction(Object(Closure), true)
#14 C:\xampp\htdocs\cartrader\src\Controller\CartsController.php(66): Cake\ORM\Table->save(Object(App\Model\Entity\Cart))
#15 C:\xampp\htdocs\cartrader\vendor\cakephp\cakephp\src\Controller\Controller.php(609): App\Controller\CartsController->add('1')
#16 C:\xampp\htdocs\cartrader\vendor\cakephp\cakephp\src\Http\ActionDispatcher.php(120): Cake\Controller\Controller->invokeAction()
#17 C:\xampp\htdocs\cartrader\vendor\cakephp\cakephp\src\Http\ActionDispatcher.php(94): Cake\Http\ActionDispatcher->_invoke(Object(App\Controller\CartsController))
#18 C:\xampp\htdocs\cartrader\vendor\cakephp\cakephp\src\Http\BaseApplication.php(234): Cake\Http\ActionDispatcher->dispatch(Object(Cake\Http\ServerRequest), Object(Cake\Http\Response))
#19 C:\xampp\htdocs\cartrader\vendor\cakephp\cakephp\src\Http\Runner.php(65): Cake\Http\BaseApplication->__invoke(Object(Cake\Http\ServerRequest), Object(Cake\Http\Response), Object(Cake\Http\Runner))
#20 C:\xampp\htdocs\cartrader\vendor\cakephp\cakephp\src\Http\Runner.php(65): Cake\Http\Runner->__invoke(Object(Cake\Http\ServerRequest), Object(Cake\Http\Response), Object(Cake\Http\Runner))
#21 C:\xampp\htdocs\cartrader\vendor\cakephp\cakephp\src\Http\Middleware\CsrfProtectionMiddleware.php(124): Cake\Http\Runner->__invoke(Object(Cake\Http\ServerRequest), Object(Cake\Http\Response))
#22 C:\xampp\htdocs\cartrader\vendor\cakephp\cakephp\src\Http\Runner.php(65): Cake\Http\Middleware\CsrfProtectionMiddleware->__invoke(Object(Cake\Http\ServerRequest), Object(Cake\Http\Response), Object(Cake\Http\Runner))
#23 C:\xampp\htdocs\cartrader\vendor\cakephp\cakephp\src\Http\Runner.php(51): Cake\Http\Runner->__invoke(Object(Cake\Http\ServerRequest), Object(Cake\Http\Response))
#24 C:\xampp\htdocs\cartrader\vendor\cakephp\cakephp\src\Routing\Middleware\RoutingMiddleware.php(170): Cake\Http\Runner->run(Object(Cake\Http\MiddlewareQueue), Object(Cake\Http\ServerRequest), Object(Cake\Http\Response))
#25 C:\xampp\htdocs\cartrader\vendor\cakephp\cakephp\src\Http\Runner.php(65): Cake\Routing\Middleware\RoutingMiddleware->__invoke(Object(Cake\Http\ServerRequest), Object(Cake\Http\Response), Object(Cake\Http\Runner))
#26 C:\xampp\htdocs\cartrader\vendor\cakephp\cakephp\src\Routing\Middleware\AssetMiddleware.php(88): Cake\Http\Runner->__invoke(Object(Cake\Http\ServerRequest), Object(Cake\Http\Response))
#27 C:\xampp\htdocs\cartrader\vendor\cakephp\cakephp\src\Http\Runner.php(65): Cake\Routing\Middleware\AssetMiddleware->__invoke(Object(Cake\Http\ServerRequest), Object(Cake\Http\Response), Object(Cake\Http\Runner))
#28 C:\xampp\htdocs\cartrader\vendor\cakephp\cakephp\src\Error\Middleware\ErrorHandlerMiddleware.php(96): Cake\Http\Runner->__invoke(Object(Cake\Http\ServerRequest), Object(Cake\Http\Response))
#29 C:\xampp\htdocs\cartrader\vendor\cakephp\cakephp\src\Http\Runner.php(65): Cake\Error\Middleware\ErrorHandlerMiddleware->__invoke(Object(Cake\Http\ServerRequest), Object(Cake\Http\Response), Object(Cake\Http\Runner))
#30 C:\xampp\htdocs\cartrader\vendor\cakephp\debug_kit\src\Middleware\DebugKitMiddleware.php(53): Cake\Http\Runner->__invoke(Object(Cake\Http\ServerRequest), Object(Cake\Http\Response))
#31 C:\xampp\htdocs\cartrader\vendor\cakephp\cakephp\src\Http\Runner.php(65): DebugKit\Middleware\DebugKitMiddleware->__invoke(Object(Cake\Http\ServerRequest), Object(Cake\Http\Response), Object(Cake\Http\Runner))
#32 C:\xampp\htdocs\cartrader\vendor\cakephp\cakephp\src\Http\Runner.php(51): Cake\Http\Runner->__invoke(Object(Cake\Http\ServerRequest), Object(Cake\Http\Response))
#33 C:\xampp\htdocs\cartrader\vendor\cakephp\cakephp\src\Http\Server.php(97): Cake\Http\Runner->run(Object(Cake\Http\MiddlewareQueue), Object(Cake\Http\ServerRequest), Object(Cake\Http\Response))
#34 C:\xampp\htdocs\cartrader\webroot\index.php(40): Cake\Http\Server->run()
#35 {main}
Request URL: /carts/add/1
Referer URL: http://localhost/cartrader/car-lists


2020-06-27 12:45:43 Error: [InvalidArgumentException] The Sellers association is not defined on CarLists. (C:\xampp\htdocs\cartrader\vendor\cakephp\cakephp\src\ORM\Table.php:1006)
#0 C:\xampp\htdocs\cartrader\vendor\cakephp\cakephp\src\ORM\EagerLoader.php(550): Cake\ORM\Table->getAssociation('Sellers')
#1 C:\xampp\htdocs\cartrader\vendor\cakephp\cakephp\src\ORM\EagerLoader.php(376): Cake\ORM\EagerLoader->_normalizeContain(Object(App\Model\Table\CarListsTable), 'Sellers', Array, Array)
#2 C:\xampp\htdocs\cartrader\vendor\cakephp\cakephp\src\ORM\EagerLoader.php(506): Cake\ORM\EagerLoader->normalized(Object(App\Model\Table\CarListsTable))
#3 C:\xampp\htdocs\cartrader\vendor\cakephp\cakephp\src\ORM\EagerLoader.php(477): Cake\ORM\EagerLoader->attachableAssociations(Object(App\Model\Table\CarListsTable))
#4 C:\xampp\htdocs\cartrader\vendor\cakephp\cakephp\src\ORM\Query.php(1174): Cake\ORM\EagerLoader->attachAssociations(Object(Cake\ORM\Query), Object(App\Model\Table\CarListsTable), true)
#5 C:\xampp\htdocs\cartrader\vendor\cakephp\cakephp\src\ORM\Query.php(1123): Cake\ORM\Query->_transformQuery()
#6 C:\xampp\htdocs\cartrader\vendor\cakephp\cakephp\src\Database\Driver\Mysql.php(137): Cake\ORM\Query->sql()
#7 C:\xampp\htdocs\cartrader\vendor\cakephp\cakephp\src\Database\Connection.php(274): Cake\Database\Driver\Mysql->prepare(Object(Cake\ORM\Query))
#8 C:\xampp\htdocs\cartrader\vendor\cakephp\cakephp\src\Core\Retry\CommandRetry.php(67): Cake\Database\Connection->Cake\Database\{closure}()
#9 C:\xampp\htdocs\cartrader\vendor\cakephp\cakephp\src\Database\Connection.php(281): Cake\Core\Retry\CommandRetry->run(Object(Closure))
#10 C:\xampp\htdocs\cartrader\vendor\cakephp\cakephp\src\Database\Connection.php(331): Cake\Database\Connection->prepare(Object(Cake\ORM\Query))
#11 C:\xampp\htdocs\cartrader\vendor\cakephp\cakephp\src\Core\Retry\CommandRetry.php(67): Cake\Database\Connection->Cake\Database\{closure}()
#12 C:\xampp\htdocs\cartrader\vendor\cakephp\cakephp\src\Database\Connection.php(336): Cake\Core\Retry\CommandRetry->run(Object(Closure))
#13 C:\xampp\htdocs\cartrader\vendor\cakephp\cakephp\src\Database\Query.php(218): Cake\Database\Connection->run(Object(Cake\ORM\Query))
#14 C:\xampp\htdocs\cartrader\vendor\cakephp\cakephp\src\ORM\Query.php(1144): Cake\Database\Query->execute()
#15 C:\xampp\htdocs\cartrader\vendor\cakephp\cakephp\src\Datasource\QueryTrait.php(310): Cake\ORM\Query->_execute()
#16 C:\xampp\htdocs\cartrader\vendor\cakephp\cakephp\src\ORM\Query.php(1088): Cake\ORM\Query->_all()
#17 C:\xampp\htdocs\cartrader\vendor\cakephp\cakephp\src\Datasource\Paginator.php(186): Cake\ORM\Query->all()
#18 C:\xampp\htdocs\cartrader\vendor\cakephp\cakephp\src\Controller\Component\PaginatorComponent.php(200): Cake\Datasource\Paginator->paginate(Object(App\Model\Table\CarListsTable), Array, Array)
#19 C:\xampp\htdocs\cartrader\vendor\cakephp\cakephp\src\Controller\Controller.php(890): Cake\Controller\Component\PaginatorComponent->paginate(Object(Cake\ORM\Query), Array)
#20 C:\xampp\htdocs\cartrader\src\Controller\CarListsController.php(38): Cake\Controller\Controller->paginate(Object(Cake\ORM\Query))
#21 C:\xampp\htdocs\cartrader\vendor\cakephp\cakephp\src\Controller\Controller.php(609): App\Controller\CarListsController->index()
#22 C:\xampp\htdocs\cartrader\vendor\cakephp\cakephp\src\Http\ActionDispatcher.php(120): Cake\Controller\Controller->invokeAction()
#23 C:\xampp\htdocs\cartrader\vendor\cakephp\cakephp\src\Http\ActionDispatcher.php(94): Cake\Http\ActionDispatcher->_invoke(Object(App\Controller\CarListsController))
#24 C:\xampp\htdocs\cartrader\vendor\cakephp\cakephp\src\Http\BaseApplication.php(234): Cake\Http\ActionDispatcher->dispatch(Object(Cake\Http\ServerRequest), Object(Cake\Http\Response))
#25 C:\xampp\htdocs\cartrader\vendor\cakephp\cakephp\src\Http\Runner.php(65): Cake\Http\BaseApplication->__invoke(Object(Cake\Http\ServerRequest), Object(Cake\Http\Response), Object(Cake\Http\Runner))
#26 C:\xampp\htdocs\cartrader\vendor\cakephp\cakephp\src\Http\Runner.php(65): Cake\Http\Runner->__invoke(Object(Cake\Http\ServerRequest), Object(Cake\Http\Response), Object(Cake\Http\Runner))
#27 C:\xampp\htdocs\cartrader\vendor\cakephp\cakephp\src\Http\Middleware\CsrfProtectionMiddleware.php(124): Cake\Http\Runner->__invoke(Object(Cake\Http\ServerRequest), Object(Cake\Http\Response))
#28 C:\xampp\htdocs\cartrader\vendor\cakephp\cakephp\src\Http\Runner.php(65): Cake\Http\Middleware\CsrfProtectionMiddleware->__invoke(Object(Cake\Http\ServerRequest), Object(Cake\Http\Response), Object(Cake\Http\Runner))
#29 C:\xampp\htdocs\cartrader\vendor\cakephp\cakephp\src\Http\Runner.php(51): Cake\Http\Runner->__invoke(Object(Cake\Http\ServerRequest), Object(Cake\Http\Response))
#30 C:\xampp\htdocs\cartrader\vendor\cakephp\cakephp\src\Routing\Middleware\RoutingMiddleware.php(170): Cake\Http\Runner->run(Object(Cake\Http\MiddlewareQueue), Object(Cake\Http\ServerRequest), Object(Cake\Http\Response))
#31 C:\xampp\htdocs\cartrader\vendor\cakephp\cakephp\src\Http\Runner.php(65): Cake\Routing\Middleware\RoutingMiddleware->__invoke(Object(Cake\Http\ServerRequest), Object(Cake\Http\Response), Object(Cake\Http\Runner))
#32 C:\xampp\htdocs\cartrader\vendor\cakephp\cakephp\src\Routing\Middleware\AssetMiddleware.php(88): Cake\Http\Runner->__invoke(Object(Cake\Http\ServerRequest), Object(Cake\Http\Response))
#33 C:\xampp\htdocs\cartrader\vendor\cakephp\cakephp\src\Http\Runner.php(65): Cake\Routing\Middleware\AssetMiddleware->__invoke(Object(Cake\Http\ServerRequest), Object(Cake\Http\Response), Object(Cake\Http\Runner))
#34 C:\xampp\htdocs\cartrader\vendor\cakephp\cakephp\src\Error\Middleware\ErrorHandlerMiddleware.php(96): Cake\Http\Runner->__invoke(Object(Cake\Http\ServerRequest), Object(Cake\Http\Response))
#35 C:\xampp\htdocs\cartrader\vendor\cakephp\cakephp\src\Http\Runner.php(65): Cake\Error\Middleware\ErrorHandlerMiddleware->__invoke(Object(Cake\Http\ServerRequest), Object(Cake\Http\Response), Object(Cake\Http\Runner))
#36 C:\xampp\htdocs\cartrader\vendor\cakephp\debug_kit\src\Middleware\DebugKitMiddleware.php(53): Cake\Http\Runner->__invoke(Object(Cake\Http\ServerRequest), Object(Cake\Http\Response))
#37 C:\xampp\htdocs\cartrader\vendor\cakephp\cakephp\src\Http\Runner.php(65): DebugKit\Middleware\DebugKitMiddleware->__invoke(Object(Cake\Http\ServerRequest), Object(Cake\Http\Response), Object(Cake\Http\Runner))
#38 C:\xampp\htdocs\cartrader\vendor\cakephp\cakephp\src\Http\Runner.php(51): Cake\Http\Runner->__invoke(Object(Cake\Http\ServerRequest), Object(Cake\Http\Response))
#39 C:\xampp\htdocs\cartrader\vendor\cakephp\cakephp\src\Http\Server.php(97): Cake\Http\Runner->run(Object(Cake\Http\MiddlewareQueue), Object(Cake\Http\ServerRequest), Object(Cake\Http\Response))
#40 C:\xampp\htdocs\cartrader\webroot\index.php(40): Cake\Http\Server->run()
#41 {main}
Request URL: /car-lists
Referer URL: http://localhost/cartrader/carts


2020-06-27 12:45:52 Error: [InvalidArgumentException] The Sellers association is not defined on CarLists. (C:\xampp\htdocs\cartrader\vendor\cakephp\cakephp\src\ORM\Table.php:1006)
#0 C:\xampp\htdocs\cartrader\vendor\cakephp\cakephp\src\ORM\EagerLoader.php(550): Cake\ORM\Table->getAssociation('Sellers')
#1 C:\xampp\htdocs\cartrader\vendor\cakephp\cakephp\src\ORM\EagerLoader.php(376): Cake\ORM\EagerLoader->_normalizeContain(Object(App\Model\Table\CarListsTable), 'Sellers', Array, Array)
#2 C:\xampp\htdocs\cartrader\vendor\cakephp\cakephp\src\ORM\EagerLoader.php(506): Cake\ORM\EagerLoader->normalized(Object(App\Model\Table\CarListsTable))
#3 C:\xampp\htdocs\cartrader\vendor\cakephp\cakephp\src\ORM\EagerLoader.php(477): Cake\ORM\EagerLoader->attachableAssociations(Object(App\Model\Table\CarListsTable))
#4 C:\xampp\htdocs\cartrader\vendor\cakephp\cakephp\src\ORM\Query.php(1174): Cake\ORM\EagerLoader->attachAssociations(Object(Cake\ORM\Query), Object(App\Model\Table\CarListsTable), true)
#5 C:\xampp\htdocs\cartrader\vendor\cakephp\cakephp\src\ORM\Query.php(1123): Cake\ORM\Query->_transformQuery()
#6 C:\xampp\htdocs\cartrader\vendor\cakephp\cakephp\src\Database\Driver\Mysql.php(137): Cake\ORM\Query->sql()
#7 C:\xampp\htdocs\cartrader\vendor\cakephp\cakephp\src\Database\Connection.php(274): Cake\Database\Driver\Mysql->prepare(Object(Cake\ORM\Query))
#8 C:\xampp\htdocs\cartrader\vendor\cakephp\cakephp\src\Core\Retry\CommandRetry.php(67): Cake\Database\Connection->Cake\Database\{closure}()
#9 C:\xampp\htdocs\cartrader\vendor\cakephp\cakephp\src\Database\Connection.php(281): Cake\Core\Retry\CommandRetry->run(Object(Closure))
#10 C:\xampp\htdocs\cartrader\vendor\cakephp\cakephp\src\Database\Connection.php(331): Cake\Database\Connection->prepare(Object(Cake\ORM\Query))
#11 C:\xampp\htdocs\cartrader\vendor\cakephp\cakephp\src\Core\Retry\CommandRetry.php(67): Cake\Database\Connection->Cake\Database\{closure}()
#12 C:\xampp\htdocs\cartrader\vendor\cakephp\cakephp\src\Database\Connection.php(336): Cake\Core\Retry\CommandRetry->run(Object(Closure))
#13 C:\xampp\htdocs\cartrader\vendor\cakephp\cakephp\src\Database\Query.php(218): Cake\Database\Connection->run(Object(Cake\ORM\Query))
#14 C:\xampp\htdocs\cartrader\vendor\cakephp\cakephp\src\ORM\Query.php(1144): Cake\Database\Query->execute()
#15 C:\xampp\htdocs\cartrader\vendor\cakephp\cakephp\src\Datasource\QueryTrait.php(310): Cake\ORM\Query->_execute()
#16 C:\xampp\htdocs\cartrader\vendor\cakephp\cakephp\src\ORM\Query.php(1088): Cake\ORM\Query->_all()
#17 C:\xampp\htdocs\cartrader\vendor\cakephp\cakephp\src\Datasource\Paginator.php(186): Cake\ORM\Query->all()
#18 C:\xampp\htdocs\cartrader\vendor\cakephp\cakephp\src\Controller\Component\PaginatorComponent.php(200): Cake\Datasource\Paginator->paginate(Object(App\Model\Table\CarListsTable), Array, Array)
#19 C:\xampp\htdocs\cartrader\vendor\cakephp\cakephp\src\Controller\Controller.php(890): Cake\Controller\Component\PaginatorComponent->paginate(Object(Cake\ORM\Query), Array)
#20 C:\xampp\htdocs\cartrader\src\Controller\CarListsController.php(38): Cake\Controller\Controller->paginate(Object(Cake\ORM\Query))
#21 C:\xampp\htdocs\cartrader\vendor\cakephp\cakephp\src\Controller\Controller.php(609): App\Controller\CarListsController->index()
#22 C:\xampp\htdocs\cartrader\vendor\cakephp\cakephp\src\Http\ActionDispatcher.php(120): Cake\Controller\Controller->invokeAction()
#23 C:\xampp\htdocs\cartrader\vendor\cakephp\cakephp\src\Http\ActionDispatcher.php(94): Cake\Http\ActionDispatcher->_invoke(Object(App\Controller\CarListsController))
#24 C:\xampp\htdocs\cartrader\vendor\cakephp\cakephp\src\Http\BaseApplication.php(234): Cake\Http\ActionDispatcher->dispatch(Object(Cake\Http\ServerRequest), Object(Cake\Http\Response))
#25 C:\xampp\htdocs\cartrader\vendor\cakephp\cakephp\src\Http\Runner.php(65): Cake\Http\BaseApplication->__invoke(Object(Cake\Http\ServerRequest), Object(Cake\Http\Response), Object(Cake\Http\Runner))
#26 C:\xampp\htdocs\cartrader\vendor\cakephp\cakephp\src\Http\Runner.php(65): Cake\Http\Runner->__invoke(Object(Cake\Http\ServerRequest), Object(Cake\Http\Response), Object(Cake\Http\Runner))
#27 C:\xampp\htdocs\cartrader\vendor\cakephp\cakephp\src\Http\Middleware\CsrfProtectionMiddleware.php(124): Cake\Http\Runner->__invoke(Object(Cake\Http\ServerRequest), Object(Cake\Http\Response))
#28 C:\xampp\htdocs\cartrader\vendor\cakephp\cakephp\src\Http\Runner.php(65): Cake\Http\Middleware\CsrfProtectionMiddleware->__invoke(Object(Cake\Http\ServerRequest), Object(Cake\Http\Response), Object(Cake\Http\Runner))
#29 C:\xampp\htdocs\cartrader\vendor\cakephp\cakephp\src\Http\Runner.php(51): Cake\Http\Runner->__invoke(Object(Cake\Http\ServerRequest), Object(Cake\Http\Response))
#30 C:\xampp\htdocs\cartrader\vendor\cakephp\cakephp\src\Routing\Middleware\RoutingMiddleware.php(170): Cake\Http\Runner->run(Object(Cake\Http\MiddlewareQueue), Object(Cake\Http\ServerRequest), Object(Cake\Http\Response))
#31 C:\xampp\htdocs\cartrader\vendor\cakephp\cakephp\src\Http\Runner.php(65): Cake\Routing\Middleware\RoutingMiddleware->__invoke(Object(Cake\Http\ServerRequest), Object(Cake\Http\Response), Object(Cake\Http\Runner))
#32 C:\xampp\htdocs\cartrader\vendor\cakephp\cakephp\src\Routing\Middleware\AssetMiddleware.php(88): Cake\Http\Runner->__invoke(Object(Cake\Http\ServerRequest), Object(Cake\Http\Response))
#33 C:\xampp\htdocs\cartrader\vendor\cakephp\cakephp\src\Http\Runner.php(65): Cake\Routing\Middleware\AssetMiddleware->__invoke(Object(Cake\Http\ServerRequest), Object(Cake\Http\Response), Object(Cake\Http\Runner))
#34 C:\xampp\htdocs\cartrader\vendor\cakephp\cakephp\src\Error\Middleware\ErrorHandlerMiddleware.php(96): Cake\Http\Runner->__invoke(Object(Cake\Http\ServerRequest), Object(Cake\Http\Response))
#35 C:\xampp\htdocs\cartrader\vendor\cakephp\cakephp\src\Http\Runner.php(65): Cake\Error\Middleware\ErrorHandlerMiddleware->__invoke(Object(Cake\Http\ServerRequest), Object(Cake\Http\Response), Object(Cake\Http\Runner))
#36 C:\xampp\htdocs\cartrader\vendor\cakephp\debug_kit\src\Middleware\DebugKitMiddleware.php(53): Cake\Http\Runner->__invoke(Object(Cake\Http\ServerRequest), Object(Cake\Http\Response))
#37 C:\xampp\htdocs\cartrader\vendor\cakephp\cakephp\src\Http\Runner.php(65): DebugKit\Middleware\DebugKitMiddleware->__invoke(Object(Cake\Http\ServerRequest), Object(Cake\Http\Response), Object(Cake\Http\Runner))
#38 C:\xampp\htdocs\cartrader\vendor\cakephp\cakephp\src\Http\Runner.php(51): Cake\Http\Runner->__invoke(Object(Cake\Http\ServerRequest), Object(Cake\Http\Response))
#39 C:\xampp\htdocs\cartrader\vendor\cakephp\cakephp\src\Http\Server.php(97): Cake\Http\Runner->run(Object(Cake\Http\MiddlewareQueue), Object(Cake\Http\ServerRequest), Object(Cake\Http\Response))
#40 C:\xampp\htdocs\cartrader\webroot\index.php(40): Cake\Http\Server->run()
#41 {main}
Request URL: /car-lists
Referer URL: http://localhost/cartrader/carts


2020-06-27 12:47:59 Error: [PDOException] SQLSTATE[42S22]: Column not found: 1054 Unknown column 'Sellers.name' in 'where clause' (C:\xampp\htdocs\cartrader\vendor\cakephp\cakephp\src\Database\Statement\MysqlStatement.php:38)
#0 C:\xampp\htdocs\cartrader\vendor\cakephp\cakephp\src\Database\Statement\MysqlStatement.php(38): PDOStatement->execute(NULL)
#1 C:\xampp\htdocs\cartrader\vendor\cakephp\cakephp\src\Database\Statement\StatementDecorator.php(173): Cake\Database\Statement\MysqlStatement->execute(NULL)
#2 C:\xampp\htdocs\cartrader\vendor\cakephp\cakephp\src\Database\Log\LoggingStatement.php(55): Cake\Database\Statement\StatementDecorator->execute(NULL)
#3 C:\xampp\htdocs\cartrader\vendor\cakephp\cakephp\src\Database\Connection.php(333): Cake\Database\Log\LoggingStatement->execute()
#4 C:\xampp\htdocs\cartrader\vendor\cakephp\cakephp\src\Core\Retry\CommandRetry.php(67): Cake\Database\Connection->Cake\Database\{closure}()
#5 C:\xampp\htdocs\cartrader\vendor\cakephp\cakephp\src\Database\Connection.php(336): Cake\Core\Retry\CommandRetry->run(Object(Closure))
#6 C:\xampp\htdocs\cartrader\vendor\cakephp\cakephp\src\Database\Query.php(218): Cake\Database\Connection->run(Object(Cake\ORM\Query))
#7 C:\xampp\htdocs\cartrader\vendor\cakephp\cakephp\src\ORM\Query.php(1144): Cake\Database\Query->execute()
#8 C:\xampp\htdocs\cartrader\vendor\cakephp\cakephp\src\Datasource\QueryTrait.php(310): Cake\ORM\Query->_execute()
#9 C:\xampp\htdocs\cartrader\vendor\cakephp\cakephp\src\ORM\Query.php(1088): Cake\ORM\Query->_all()
#10 C:\xampp\htdocs\cartrader\vendor\cakephp\cakephp\src\Datasource\Paginator.php(186): Cake\ORM\Query->all()
#11 C:\xampp\htdocs\cartrader\vendor\cakephp\cakephp\src\Controller\Component\PaginatorComponent.php(200): Cake\Datasource\Paginator->paginate(Object(App\Model\Table\CarListsTable), Array, Array)
#12 C:\xampp\htdocs\cartrader\vendor\cakephp\cakephp\src\Controller\Controller.php(890): Cake\Controller\Component\PaginatorComponent->paginate(Object(Cake\ORM\Query), Array)
#13 C:\xampp\htdocs\cartrader\src\Controller\CarListsController.php(38): Cake\Controller\Controller->paginate(Object(Cake\ORM\Query))
#14 C:\xampp\htdocs\cartrader\vendor\cakephp\cakephp\src\Controller\Controller.php(609): App\Controller\CarListsController->index()
#15 C:\xampp\htdocs\cartrader\vendor\cakephp\cakephp\src\Http\ActionDispatcher.php(120): Cake\Controller\Controller->invokeAction()
#16 C:\xampp\htdocs\cartrader\vendor\cakephp\cakephp\src\Http\ActionDispatcher.php(94): Cake\Http\ActionDispatcher->_invoke(Object(App\Controller\CarListsController))
#17 C:\xampp\htdocs\cartrader\vendor\cakephp\cakephp\src\Http\BaseApplication.php(234): Cake\Http\ActionDispatcher->dispatch(Object(Cake\Http\ServerRequest), Object(Cake\Http\Response))
#18 C:\xampp\htdocs\cartrader\vendor\cakephp\cakephp\src\Http\Runner.php(65): Cake\Http\BaseApplication->__invoke(Object(Cake\Http\ServerRequest), Object(Cake\Http\Response), Object(Cake\Http\Runner))
#19 C:\xampp\htdocs\cartrader\vendor\cakephp\cakephp\src\Http\Runner.php(65): Cake\Http\Runner->__invoke(Object(Cake\Http\ServerRequest), Object(Cake\Http\Response), Object(Cake\Http\Runner))
#20 C:\xampp\htdocs\cartrader\vendor\cakephp\cakephp\src\Http\Middleware\CsrfProtectionMiddleware.php(124): Cake\Http\Runner->__invoke(Object(Cake\Http\ServerRequest), Object(Cake\Http\Response))
#21 C:\xampp\htdocs\cartrader\vendor\cakephp\cakephp\src\Http\Runner.php(65): Cake\Http\Middleware\CsrfProtectionMiddleware->__invoke(Object(Cake\Http\ServerRequest), Object(Cake\Http\Response), Object(Cake\Http\Runner))
#22 C:\xampp\htdocs\cartrader\vendor\cakephp\cakephp\src\Http\Runner.php(51): Cake\Http\Runner->__invoke(Object(Cake\Http\ServerRequest), Object(Cake\Http\Response))
#23 C:\xampp\htdocs\cartrader\vendor\cakephp\cakephp\src\Routing\Middleware\RoutingMiddleware.php(170): Cake\Http\Runner->run(Object(Cake\Http\MiddlewareQueue), Object(Cake\Http\ServerRequest), Object(Cake\Http\Response))
#24 C:\xampp\htdocs\cartrader\vendor\cakephp\cakephp\src\Http\Runner.php(65): Cake\Routing\Middleware\RoutingMiddleware->__invoke(Object(Cake\Http\ServerRequest), Object(Cake\Http\Response), Object(Cake\Http\Runner))
#25 C:\xampp\htdocs\cartrader\vendor\cakephp\cakephp\src\Routing\Middleware\AssetMiddleware.php(88): Cake\Http\Runner->__invoke(Object(Cake\Http\ServerRequest), Object(Cake\Http\Response))
#26 C:\xampp\htdocs\cartrader\vendor\cakephp\cakephp\src\Http\Runner.php(65): Cake\Routing\Middleware\AssetMiddleware->__invoke(Object(Cake\Http\ServerRequest), Object(Cake\Http\Response), Object(Cake\Http\Runner))
#27 C:\xampp\htdocs\cartrader\vendor\cakephp\cakephp\src\Error\Middleware\ErrorHandlerMiddleware.php(96): Cake\Http\Runner->__invoke(Object(Cake\Http\ServerRequest), Object(Cake\Http\Response))
#28 C:\xampp\htdocs\cartrader\vendor\cakephp\cakephp\src\Http\Runner.php(65): Cake\Error\Middleware\ErrorHandlerMiddleware->__invoke(Object(Cake\Http\ServerRequest), Object(Cake\Http\Response), Object(Cake\Http\Runner))
#29 C:\xampp\htdocs\cartrader\vendor\cakephp\debug_kit\src\Middleware\DebugKitMiddleware.php(53): Cake\Http\Runner->__invoke(Object(Cake\Http\ServerRequest), Object(Cake\Http\Response))
#30 C:\xampp\htdocs\cartrader\vendor\cakephp\cakephp\src\Http\Runner.php(65): DebugKit\Middleware\DebugKitMiddleware->__invoke(Object(Cake\Http\ServerRequest), Object(Cake\Http\Response), Object(Cake\Http\Runner))
#31 C:\xampp\htdocs\cartrader\vendor\cakephp\cakephp\src\Http\Runner.php(51): Cake\Http\Runner->__invoke(Object(Cake\Http\ServerRequest), Object(Cake\Http\Response))
#32 C:\xampp\htdocs\cartrader\vendor\cakephp\cakephp\src\Http\Server.php(97): Cake\Http\Runner->run(Object(Cake\Http\MiddlewareQueue), Object(Cake\Http\ServerRequest), Object(Cake\Http\Response))
#33 C:\xampp\htdocs\cartrader\webroot\index.php(40): Cake\Http\Server->run()
#34 {main}
Request URL: /car-lists?search=f
Referer URL: http://localhost/cartrader/car-lists


